[dotenv] Set [36mJWT_ENCRYPTION_KEY[0m, [36mGOOGLE_CLIENT_ID[0m, [36mGOOGLE_CLIENT_SECRET[0m, [36mALLOWED_EMAIL_DOMAINS[0m, and [36mALLOWED_EMAILS[0m
[dotenv] Loaded [33m.env.local[0m
DEPRECATION WARNING: `Rails.application.secrets` is deprecated in favor of `Rails.application.credentials` and will be removed in Rails 7.2. (called from <main> at /app/config/environment.rb:7)
  [1m[35m (24.3ms)[0m  [1m[35mCREATE TABLE "schema_migrations" ("version" character varying NOT NULL PRIMARY KEY)[0m
  [1m[35m (5.3ms)[0m  [1m[35mCREATE TABLE "ar_internal_metadata" ("key" character varying NOT NULL PRIMARY KEY, "value" character varying, "created_at" timestamp(6) NOT NULL, "updated_at" timestamp(6) NOT NULL)[0m
  [1m[35m (0.2ms)[0m  [1m[34mSELECT pg_try_advisory_lock(4959247321774455780)[0m
  [1m[36mActiveRecord::SchemaMigration Load (0.5ms)[0m  [1m[34mSELECT "schema_migrations"."version" FROM "schema_migrations" ORDER BY "schema_migrations"."version" ASC[0m
  [1m[36mActiveRecord::InternalMetadata Load (0.8ms)[0m  [1m[34mSELECT * FROM "ar_internal_metadata" WHERE "ar_internal_metadata"."key" = $1 ORDER BY "ar_internal_metadata"."key" ASC LIMIT 1[0m  [[nil, "environment"]]
  [1m[36mActiveRecord::InternalMetadata Create (4.1ms)[0m  [1m[32mINSERT INTO "ar_internal_metadata" ("key", "value", "created_at", "updated_at") VALUES ('environment', 'development', '2024-07-28 01:25:11.293164', '2024-07-28 01:25:11.293168') RETURNING "key"[0m
Migrating to CreateResources (20230604163835)
  [1m[36mTRANSACTION (0.2ms)[0m  [1m[35mBEGIN[0m
  [1m[35m (9.4ms)[0m  [1m[35mCREATE TABLE "resources" ("id" bigserial primary key, "name" character varying, "description" text, "location" character varying, "tags" text[] DEFAULT '{}', "category" character varying, "created_at" timestamp(6) NOT NULL, "updated_at" timestamp(6) NOT NULL)[0m
  [1m[36mActiveRecord::SchemaMigration Create (0.3ms)[0m  [1m[32mINSERT INTO "schema_migrations" ("version") VALUES ('20230604163835') RETURNING "version"[0m
  [1m[36mTRANSACTION (1.2ms)[0m  [1m[35mCOMMIT[0m
Migrating to CreateResourceBookings (20230614152252)
  [1m[36mTRANSACTION (0.2ms)[0m  [1m[35mBEGIN[0m
  [1m[35m (6.5ms)[0m  [1m[35mCREATE TABLE "resource_bookings" ("id" bigserial primary key, "bookedBy" character varying, "resourceName" character varying, "bookingDates" jsonb DEFAULT '{}' NOT NULL, "destination" character varying, "comments" character varying, "created_at" timestamp(6) NOT NULL, "updated_at" timestamp(6) NOT NULL)[0m
  [1m[36mActiveRecord::SchemaMigration Create (0.3ms)[0m  [1m[32mINSERT INTO "schema_migrations" ("version") VALUES ('20230614152252') RETURNING "version"[0m
  [1m[36mTRANSACTION (0.7ms)[0m  [1m[35mCOMMIT[0m
Migrating to DeviseCreateUsers (20230621150941)
  [1m[36mTRANSACTION (0.2ms)[0m  [1m[35mBEGIN[0m
  [1m[35m (3.8ms)[0m  [1m[35mCREATE TABLE "users" ("id" bigserial primary key, "full_name" character varying DEFAULT '' NOT NULL, "email" character varying DEFAULT '' NOT NULL, "role" character varying DEFAULT 'member' NOT NULL, "uid" character varying DEFAULT '' NOT NULL, "avatar_url" text DEFAULT '' NOT NULL, "created_at" timestamp(6) NOT NULL, "updated_at" timestamp(6) NOT NULL)[0m
  [1m[35m (1.3ms)[0m  [1m[35mCREATE UNIQUE INDEX "index_users_on_email" ON "users" ("email")[0m
  [1m[36mActiveRecord::SchemaMigration Create (0.3ms)[0m  [1m[32mINSERT INTO "schema_migrations" ("version") VALUES ('20230621150941') RETURNING "version"[0m
  [1m[36mTRANSACTION (0.9ms)[0m  [1m[35mCOMMIT[0m
Migrating to AddBookedByIdToBookings (20230904192330)
  [1m[36mTRANSACTION (0.3ms)[0m  [1m[35mBEGIN[0m
  [1m[35m (2.0ms)[0m  [1m[35mALTER TABLE "resource_bookings" ADD "bookedById" integer[0m
  [1m[36mActiveRecord::SchemaMigration Create (0.3ms)[0m  [1m[32mINSERT INTO "schema_migrations" ("version") VALUES ('20230904192330') RETURNING "version"[0m
  [1m[36mTRANSACTION (0.7ms)[0m  [1m[35mCOMMIT[0m
Migrating to CreateCategories (20230905195157)
  [1m[36mTRANSACTION (0.2ms)[0m  [1m[35mBEGIN[0m
  [1m[35m (5.3ms)[0m  [1m[35mCREATE TABLE "categories" ("id" bigserial primary key, "title" character varying, "description" text, "created_at" timestamp(6) NOT NULL, "updated_at" timestamp(6) NOT NULL)[0m
  [1m[36mActiveRecord::SchemaMigration Create (0.3ms)[0m  [1m[32mINSERT INTO "schema_migrations" ("version") VALUES ('20230905195157') RETURNING "version"[0m
  [1m[36mTRANSACTION (0.8ms)[0m  [1m[35mCOMMIT[0m
Migrating to AddDisabledPeriodsToResources (20230912130902)
  [1m[36mTRANSACTION (0.2ms)[0m  [1m[35mBEGIN[0m
  [1m[35m (0.4ms)[0m  [1m[35mALTER TABLE "resources" ADD "disabledPeriods" integer[] DEFAULT '{}'[0m
  [1m[36mActiveRecord::SchemaMigration Create (0.2ms)[0m  [1m[32mINSERT INTO "schema_migrations" ("version") VALUES ('20230912130902') RETURNING "version"[0m
  [1m[36mTRANSACTION (0.7ms)[0m  [1m[35mCOMMIT[0m
Migrating to AddResourceIdToBookings (20240120153446)
  [1m[36mTRANSACTION (0.2ms)[0m  [1m[35mBEGIN[0m
  [1m[35m (2.4ms)[0m  [1m[35mALTER TABLE "resource_bookings" ADD "resource_id" integer[0m
  [1m[36mResourceBooking Load (0.3ms)[0m  [1m[34mSELECT "resource_bookings".* FROM "resource_bookings" ORDER BY "resource_bookings"."id" ASC LIMIT $1[0m  [["LIMIT", 1000]]
  [1m[36mActiveRecord::SchemaMigration Create (0.3ms)[0m  [1m[32mINSERT INTO "schema_migrations" ("version") VALUES ('20240120153446') RETURNING "version"[0m
  [1m[36mTRANSACTION (0.7ms)[0m  [1m[35mCOMMIT[0m
Migrating to AddCategoryIdToResources (20240120155337)
  [1m[36mTRANSACTION (0.1ms)[0m  [1m[35mBEGIN[0m
  [1m[35m (2.1ms)[0m  [1m[35mALTER TABLE "resources" ADD "category_id" integer[0m
  [1m[36mResource Load (0.3ms)[0m  [1m[34mSELECT "resources".* FROM "resources" ORDER BY "resources"."id" ASC LIMIT $1[0m  [["LIMIT", 1000]]
  [1m[36mActiveRecord::SchemaMigration Create (0.2ms)[0m  [1m[32mINSERT INTO "schema_migrations" ("version") VALUES ('20240120155337') RETURNING "version"[0m
  [1m[36mTRANSACTION (0.6ms)[0m  [1m[35mCOMMIT[0m
Migrating to AddDeletedFlagToBookings (20240201185512)
  [1m[36mTRANSACTION (0.1ms)[0m  [1m[35mBEGIN[0m
  [1m[35m (0.4ms)[0m  [1m[35mALTER TABLE "resource_bookings" ADD "deleted" boolean DEFAULT FALSE[0m
  [1m[36mActiveRecord::SchemaMigration Create (0.2ms)[0m  [1m[32mINSERT INTO "schema_migrations" ("version") VALUES ('20240201185512') RETURNING "version"[0m
  [1m[36mTRANSACTION (0.6ms)[0m  [1m[35mCOMMIT[0m
Migrating to AddDeletedFlagToCategories (20240201185547)
  [1m[36mTRANSACTION (0.1ms)[0m  [1m[35mBEGIN[0m
  [1m[35m (0.4ms)[0m  [1m[35mALTER TABLE "categories" ADD "deleted" boolean DEFAULT FALSE[0m
  [1m[36mActiveRecord::SchemaMigration Create (0.2ms)[0m  [1m[32mINSERT INTO "schema_migrations" ("version") VALUES ('20240201185547') RETURNING "version"[0m
  [1m[36mTRANSACTION (5.9ms)[0m  [1m[35mCOMMIT[0m
Migrating to AddDeletedFlagToResources (20240201185555)
  [1m[36mTRANSACTION (0.2ms)[0m  [1m[35mBEGIN[0m
  [1m[35m (0.3ms)[0m  [1m[35mALTER TABLE "resources" ADD "deleted" boolean DEFAULT FALSE[0m
  [1m[36mActiveRecord::SchemaMigration Create (0.2ms)[0m  [1m[32mINSERT INTO "schema_migrations" ("version") VALUES ('20240201185555') RETURNING "version"[0m
  [1m[36mTRANSACTION (0.6ms)[0m  [1m[35mCOMMIT[0m
  [1m[35m (0.4ms)[0m  [1m[34mSELECT pg_advisory_unlock(4959247321774455780)[0m
  [1m[36mActiveRecord::SchemaMigration Load (0.3ms)[0m  [1m[34mSELECT "schema_migrations"."version" FROM "schema_migrations" ORDER BY "schema_migrations"."version" ASC[0m
[dotenv] Set [36mJWT_ENCRYPTION_KEY[0m, [36mGOOGLE_CLIENT_ID[0m, [36mGOOGLE_CLIENT_SECRET[0m, [36mALLOWED_EMAIL_DOMAINS[0m, and [36mALLOWED_EMAILS[0m
[dotenv] Loaded [33m.env.local[0m
DEPRECATION WARNING: `Rails.application.secrets` is deprecated in favor of `Rails.application.credentials` and will be removed in Rails 7.2. (called from <main> at /app/config/environment.rb:7)
  [1m[35m (0.2ms)[0m  [1m[34mSELECT pg_try_advisory_lock(4959247321774455780)[0m
  [1m[36mActiveRecord::SchemaMigration Load (0.5ms)[0m  [1m[34mSELECT "schema_migrations"."version" FROM "schema_migrations" ORDER BY "schema_migrations"."version" ASC[0m
  [1m[36mActiveRecord::InternalMetadata Load (0.5ms)[0m  [1m[34mSELECT * FROM "ar_internal_metadata" WHERE "ar_internal_metadata"."key" = $1 ORDER BY "ar_internal_metadata"."key" ASC LIMIT 1[0m  [[nil, "environment"]]
  [1m[35m (0.2ms)[0m  [1m[34mSELECT pg_advisory_unlock(4959247321774455780)[0m
  [1m[36mActiveRecord::SchemaMigration Load (0.2ms)[0m  [1m[34mSELECT "schema_migrations"."version" FROM "schema_migrations" ORDER BY "schema_migrations"."version" ASC[0m
[dotenv] Set [36mJWT_ENCRYPTION_KEY[0m, [36mGOOGLE_CLIENT_ID[0m, [36mGOOGLE_CLIENT_SECRET[0m, [36mALLOWED_EMAIL_DOMAINS[0m, and [36mALLOWED_EMAILS[0m
[dotenv] Loaded [33m.env.local[0m
DEPRECATION WARNING: `Rails.application.secrets` is deprecated in favor of `Rails.application.credentials` and will be removed in Rails 7.2. (called from <main> at /app/config/environment.rb:7)
Started GET "/users/auth/google_oauth2" for 172.18.0.1 at 2024-07-28 01:25:44 +0000
  [1m[36mActiveRecord::SchemaMigration Load (1.5ms)[0m  [1m[34mSELECT "schema_migrations"."version" FROM "schema_migrations" ORDER BY "schema_migrations"."version" ASC[0m
Started GET "/users/auth/google_oauth2/callback?state=79ca596d50235fd515aa553635bd7983da00f9fbcaeb0894&code=4/0AcvDMrBn0MHA-N7xtuhqqRpiXFlxF8WiYrsqE91FibBFUJeTau8kXrTwj_J_3wYmC6FdFw&scope=email%20profile%20openid%20https://www.googleapis.com/auth/userinfo.profile%20https://www.googleapis.com/auth/userinfo.email&authuser=0&prompt=consent" for 172.18.0.1 at 2024-07-28 01:25:49 +0000
Processing by Users::OmniauthCallbacksController#google_oauth2 as HTML
  Parameters: {"state"=>"79ca596d50235fd515aa553635bd7983da00f9fbcaeb0894", "code"=>"4/0AcvDMrBn0MHA-N7xtuhqqRpiXFlxF8WiYrsqE91FibBFUJeTau8kXrTwj_J_3wYmC6FdFw", "scope"=>"email profile openid https://www.googleapis.com/auth/userinfo.profile https://www.googleapis.com/auth/userinfo.email", "authuser"=>"0", "prompt"=>"consent"}
  [1m[36mUser Load (0.6ms)[0m  [1m[34mSELECT "users".* FROM "users" WHERE "users"."uid" = $1 ORDER BY "users"."id" ASC LIMIT $2[0m  [["uid", "106455832823799659144"], ["LIMIT", 1]]
  ↳ app/models/user.rb:21:in `from_omniauth'
  [1m[36mTRANSACTION (0.3ms)[0m  [1m[35mBEGIN[0m
  ↳ app/models/user.rb:21:in `from_omniauth'
  [1m[36mUser Create (1.9ms)[0m  [1m[32mINSERT INTO "users" ("full_name", "email", "role", "uid", "avatar_url", "created_at", "updated_at") VALUES ($1, $2, $3, $4, $5, $6, $7) RETURNING "id"[0m  [["full_name", "Ian Tapply"], ["email", "iantapply22@gmail.com"], ["role", "member"], ["uid", "106455832823799659144"], ["avatar_url", "https://lh3.googleusercontent.com/a/ACg8ocKm15emHg-1YoR_uBsL7Z3pcJ5DWvEccWRKpsyFsn9nZCqwVQ=s96-c"], ["created_at", "2024-07-28 01:25:50.058738"], ["updated_at", "2024-07-28 01:25:50.058738"]]
  ↳ app/models/user.rb:21:in `from_omniauth'
  [1m[36mTRANSACTION (5.4ms)[0m  [1m[35mCOMMIT[0m
  ↳ app/models/user.rb:21:in `from_omniauth'
Completed 200 OK in 158ms (Views: 0.2ms | ActiveRecord: 19.5ms | Allocations: 143337)


Started GET "/favicon.ico" for 172.18.0.1 at 2024-07-28 01:25:50 +0000
  
ActionController::RoutingError (No route matches [GET] "/favicon.ico"):
  
[dotenv] Set [36mJWT_ENCRYPTION_KEY[0m, [36mGOOGLE_CLIENT_ID[0m, [36mGOOGLE_CLIENT_SECRET[0m, [36mALLOWED_EMAIL_DOMAINS[0m, and [36mALLOWED_EMAILS[0m
[dotenv] Loaded [33m.env.local[0m
DEPRECATION WARNING: `Rails.application.secrets` is deprecated in favor of `Rails.application.credentials` and will be removed in Rails 7.2. (called from <main> at /app/config/environment.rb:7)
  [1m[35m (0.1ms)[0m  [1m[34mSELECT pg_try_advisory_lock(4959247321774455780)[0m
  [1m[36mActiveRecord::SchemaMigration Load (0.8ms)[0m  [1m[34mSELECT "schema_migrations"."version" FROM "schema_migrations" ORDER BY "schema_migrations"."version" ASC[0m
  [1m[36mActiveRecord::InternalMetadata Load (1.6ms)[0m  [1m[34mSELECT * FROM "ar_internal_metadata" WHERE "ar_internal_metadata"."key" = $1 ORDER BY "ar_internal_metadata"."key" ASC LIMIT 1[0m  [[nil, "environment"]]
  [1m[35m (0.3ms)[0m  [1m[34mSELECT pg_advisory_unlock(4959247321774455780)[0m
  [1m[36mActiveRecord::SchemaMigration Load (0.2ms)[0m  [1m[34mSELECT "schema_migrations"."version" FROM "schema_migrations" ORDER BY "schema_migrations"."version" ASC[0m
[dotenv] Set [36mJWT_ENCRYPTION_KEY[0m, [36mGOOGLE_CLIENT_ID[0m, [36mGOOGLE_CLIENT_SECRET[0m, [36mALLOWED_EMAIL_DOMAINS[0m, and [36mALLOWED_EMAILS[0m
[dotenv] Loaded [33m.env.local[0m
DEPRECATION WARNING: `Rails.application.secrets` is deprecated in favor of `Rails.application.credentials` and will be removed in Rails 7.2. (called from <main> at /app/config/environment.rb:7)
  [1m[35m (0.1ms)[0m  [1m[34mSELECT pg_try_advisory_lock(4959247321774455780)[0m
  [1m[36mActiveRecord::SchemaMigration Load (0.5ms)[0m  [1m[34mSELECT "schema_migrations"."version" FROM "schema_migrations" ORDER BY "schema_migrations"."version" ASC[0m
  [1m[36mActiveRecord::InternalMetadata Load (0.6ms)[0m  [1m[34mSELECT * FROM "ar_internal_metadata" WHERE "ar_internal_metadata"."key" = $1 ORDER BY "ar_internal_metadata"."key" ASC LIMIT 1[0m  [[nil, "environment"]]
  [1m[35m (0.3ms)[0m  [1m[34mSELECT pg_advisory_unlock(4959247321774455780)[0m
  [1m[36mActiveRecord::SchemaMigration Load (0.2ms)[0m  [1m[34mSELECT "schema_migrations"."version" FROM "schema_migrations" ORDER BY "schema_migrations"."version" ASC[0m
[dotenv] Set [36mJWT_ENCRYPTION_KEY[0m, [36mGOOGLE_CLIENT_ID[0m, [36mGOOGLE_CLIENT_SECRET[0m, [36mALLOWED_EMAIL_DOMAINS[0m, and [36mALLOWED_EMAILS[0m
[dotenv] Loaded [33m.env.local[0m
DEPRECATION WARNING: `Rails.application.secrets` is deprecated in favor of `Rails.application.credentials` and will be removed in Rails 7.2. (called from <main> at /app/config/environment.rb:7)
[dotenv] Set [36mJWT_ENCRYPTION_KEY[0m, [36mGOOGLE_CLIENT_ID[0m, [36mGOOGLE_CLIENT_SECRET[0m, [36mALLOWED_EMAIL_DOMAINS[0m, and [36mALLOWED_EMAILS[0m
[dotenv] Loaded [33m.env.local[0m
DEPRECATION WARNING: `Rails.application.secrets` is deprecated in favor of `Rails.application.credentials` and will be removed in Rails 7.2. (called from <main> at /app/config/environment.rb:7)
  [1m[35m (0.1ms)[0m  [1m[34mSELECT pg_try_advisory_lock(4959247321774455780)[0m
  [1m[36mActiveRecord::SchemaMigration Load (0.6ms)[0m  [1m[34mSELECT "schema_migrations"."version" FROM "schema_migrations" ORDER BY "schema_migrations"."version" ASC[0m
  [1m[36mActiveRecord::InternalMetadata Load (0.8ms)[0m  [1m[34mSELECT * FROM "ar_internal_metadata" WHERE "ar_internal_metadata"."key" = $1 ORDER BY "ar_internal_metadata"."key" ASC LIMIT 1[0m  [[nil, "environment"]]
  [1m[35m (0.2ms)[0m  [1m[34mSELECT pg_advisory_unlock(4959247321774455780)[0m
  [1m[36mActiveRecord::SchemaMigration Load (0.2ms)[0m  [1m[34mSELECT "schema_migrations"."version" FROM "schema_migrations" ORDER BY "schema_migrations"."version" ASC[0m
[dotenv] Set [36mJWT_ENCRYPTION_KEY[0m, [36mGOOGLE_CLIENT_ID[0m, [36mGOOGLE_CLIENT_SECRET[0m, [36mALLOWED_EMAIL_DOMAINS[0m, and [36mALLOWED_EMAILS[0m
[dotenv] Loaded [33m.env.local[0m
DEPRECATION WARNING: `Rails.application.secrets` is deprecated in favor of `Rails.application.credentials` and will be removed in Rails 7.2. (called from <main> at /app/config/environment.rb:7)
  [1m[35m (0.2ms)[0m  [1m[34mSELECT pg_try_advisory_lock(4959247321774455780)[0m
  [1m[36mActiveRecord::SchemaMigration Load (0.5ms)[0m  [1m[34mSELECT "schema_migrations"."version" FROM "schema_migrations" ORDER BY "schema_migrations"."version" ASC[0m
  [1m[36mActiveRecord::InternalMetadata Load (0.6ms)[0m  [1m[34mSELECT * FROM "ar_internal_metadata" WHERE "ar_internal_metadata"."key" = $1 ORDER BY "ar_internal_metadata"."key" ASC LIMIT 1[0m  [[nil, "environment"]]
  [1m[35m (0.3ms)[0m  [1m[34mSELECT pg_advisory_unlock(4959247321774455780)[0m
  [1m[36mActiveRecord::SchemaMigration Load (0.2ms)[0m  [1m[34mSELECT "schema_migrations"."version" FROM "schema_migrations" ORDER BY "schema_migrations"."version" ASC[0m
[dotenv] Set [36mJWT_ENCRYPTION_KEY[0m, [36mGOOGLE_CLIENT_ID[0m, [36mGOOGLE_CLIENT_SECRET[0m, [36mALLOWED_EMAIL_DOMAINS[0m, and [36mALLOWED_EMAILS[0m
[dotenv] Loaded [33m.env.local[0m
DEPRECATION WARNING: `Rails.application.secrets` is deprecated in favor of `Rails.application.credentials` and will be removed in Rails 7.2. (called from <main> at /app/config/environment.rb:7)
Started GET "/users/auth/google_oauth2" for 172.18.0.1 at 2024-07-28 01:54:48 +0000
  [1m[36mActiveRecord::SchemaMigration Load (0.5ms)[0m  [1m[34mSELECT "schema_migrations"."version" FROM "schema_migrations" ORDER BY "schema_migrations"."version" ASC[0m
Started GET "/users/auth/google_oauth2/callback?state=c1d42a3f2e55e45ec0ee4078abc42d028d95abb9ea0b248a&code=4/0AcvDMrBGKCFZwt6g3xr9MviNzU1law1Ijiy8m3LJLmxsDue6CeHQE7Q91BLOmGmuueN_TQ&scope=email%20profile%20openid%20https://www.googleapis.com/auth/userinfo.profile%20https://www.googleapis.com/auth/userinfo.email&authuser=0&prompt=consent" for 172.18.0.1 at 2024-07-28 01:54:53 +0000
Processing by Users::OmniauthCallbacksController#google_oauth2 as HTML
  Parameters: {"state"=>"c1d42a3f2e55e45ec0ee4078abc42d028d95abb9ea0b248a", "code"=>"4/0AcvDMrBGKCFZwt6g3xr9MviNzU1law1Ijiy8m3LJLmxsDue6CeHQE7Q91BLOmGmuueN_TQ", "scope"=>"email profile openid https://www.googleapis.com/auth/userinfo.profile https://www.googleapis.com/auth/userinfo.email", "authuser"=>"0", "prompt"=>"consent"}
  [1m[36mUser Load (0.6ms)[0m  [1m[34mSELECT "users".* FROM "users" WHERE "users"."uid" = $1 ORDER BY "users"."id" ASC LIMIT $2[0m  [["uid", "106455832823799659144"], ["LIMIT", 1]]
  ↳ app/models/user.rb:21:in `from_omniauth'
Completed 200 OK in 186ms (Views: 0.2ms | ActiveRecord: 21.2ms | Allocations: 138967)


Started GET "/users/auth/google_oauth2" for 172.18.0.1 at 2024-07-28 01:56:05 +0000
Started GET "/users/auth/google_oauth2/callback?state=c808d160b758f6b0ff116fbc7d4b84fafba8c0641f980df2&code=4/0AcvDMrCRAhPgJe6_gMZZGujncv8vrcnuxiL0z0EgsaEsRUoLf9Sf4Utz551HtHKyRqXjOw&scope=email%20profile%20openid%20https://www.googleapis.com/auth/userinfo.profile%20https://www.googleapis.com/auth/userinfo.email&authuser=0&prompt=consent" for 172.18.0.1 at 2024-07-28 01:56:10 +0000
Processing by Users::OmniauthCallbacksController#google_oauth2 as HTML
  Parameters: {"state"=>"c808d160b758f6b0ff116fbc7d4b84fafba8c0641f980df2", "code"=>"4/0AcvDMrCRAhPgJe6_gMZZGujncv8vrcnuxiL0z0EgsaEsRUoLf9Sf4Utz551HtHKyRqXjOw", "scope"=>"email profile openid https://www.googleapis.com/auth/userinfo.profile https://www.googleapis.com/auth/userinfo.email", "authuser"=>"0", "prompt"=>"consent"}
  [1m[36mUser Load (1.1ms)[0m  [1m[34mSELECT "users".* FROM "users" WHERE "users"."uid" = $1 ORDER BY "users"."id" ASC LIMIT $2[0m  [["uid", "106455832823799659144"], ["LIMIT", 1]]
  ↳ app/models/user.rb:21:in `from_omniauth'
Completed 200 OK in 55ms (Views: 0.3ms | ActiveRecord: 12.2ms | Allocations: 5994)


Started GET "/users/auth/google_oauth2" for 172.18.0.1 at 2024-07-28 01:57:27 +0000
Started GET "/users/auth/google_oauth2/callback?state=843922ee364c73ef5cf8452dfa94aa7ccbe55524b18f702e&code=4/0AcvDMrBoKHhPrnsZXPSTbjt3e1nHa0qK6RIgCqZ42fi9yGmmx3DKYyCjHaUYjW0T3fSagQ&scope=email%20profile%20openid%20https://www.googleapis.com/auth/userinfo.profile%20https://www.googleapis.com/auth/userinfo.email&authuser=0&prompt=consent" for 172.18.0.1 at 2024-07-28 01:57:31 +0000
  
SyntaxError (/app/app/controllers/users/omniauth_callbacks_controller.rb:14: syntax error, unexpected '\n', expecting =>
/app/app/controllers/users/omniauth_callbacks_controller.rb:16: syntax error, unexpected '}', expecting `end'
        }
        ^
):
  
app/controllers/users/omniauth_callbacks_controller.rb:14: syntax error, unexpected '\n', expecting =>
app/controllers/users/omniauth_callbacks_controller.rb:16: syntax error, unexpected '}', expecting `end'
Started GET "/favicon.ico" for 172.18.0.1 at 2024-07-28 01:57:32 +0000
  
ActionController::RoutingError (No route matches [GET] "/favicon.ico"):
  
Started GET "/users/auth/google_oauth2" for 172.18.0.1 at 2024-07-28 01:57:51 +0000
Started GET "/users/auth/google_oauth2/callback?state=a23be687cf4f41407f18d370f9cfd707f86ae6f25aa51aa9&code=4/0AcvDMrBnYeVAfEzJmfcc7W8q_m1MeL7Bz1J37q9nHZvVeuHRDoyVNz7ZQ5XZhcJWoD7FyQ&scope=email%20profile%20openid%20https://www.googleapis.com/auth/userinfo.profile%20https://www.googleapis.com/auth/userinfo.email&authuser=0&prompt=consent" for 172.18.0.1 at 2024-07-28 01:57:56 +0000
  
SyntaxError (/app/app/controllers/users/omniauth_callbacks_controller.rb:14: syntax error, unexpected ',', expecting =>
...? ? '127.0.0.1' : 'localhost'),
...                              ^
/app/app/controllers/users/omniauth_callbacks_controller.rb:16: syntax error, unexpected '}', expecting `end'
        }
        ^
):
  
app/controllers/users/omniauth_callbacks_controller.rb:14: syntax error, unexpected ',', expecting =>
app/controllers/users/omniauth_callbacks_controller.rb:16: syntax error, unexpected '}', expecting `end'
Started GET "/users/auth/google_oauth2" for 172.18.0.1 at 2024-07-28 02:00:32 +0000
Started GET "/users/auth/google_oauth2/callback?state=6b7b380b5b05fed1851c80ce746bff952f91de7f0f6084da&code=4/0AcvDMrACf_vUZIEx0I1nvKWGb0EwVQ_pdtARCjvoBlxL5zvh3FadOVn8Ma8UKZMU-LaZqA&scope=email%20profile%20openid%20https://www.googleapis.com/auth/userinfo.profile%20https://www.googleapis.com/auth/userinfo.email&authuser=0&prompt=consent" for 172.18.0.1 at 2024-07-28 02:00:37 +0000
Processing by Users::OmniauthCallbacksController#google_oauth2 as HTML
  Parameters: {"state"=>"6b7b380b5b05fed1851c80ce746bff952f91de7f0f6084da", "code"=>"4/0AcvDMrACf_vUZIEx0I1nvKWGb0EwVQ_pdtARCjvoBlxL5zvh3FadOVn8Ma8UKZMU-LaZqA", "scope"=>"email profile openid https://www.googleapis.com/auth/userinfo.profile https://www.googleapis.com/auth/userinfo.email", "authuser"=>"0", "prompt"=>"consent"}
  [1m[36mUser Load (0.5ms)[0m  [1m[34mSELECT "users".* FROM "users" WHERE "users"."uid" = $1 ORDER BY "users"."id" ASC LIMIT $2[0m  [["uid", "106455832823799659144"], ["LIMIT", 1]]
  ↳ app/models/user.rb:21:in `from_omniauth'
Completed 200 OK in 22ms (Views: 0.1ms | ActiveRecord: 5.3ms | Allocations: 5981)


Started GET "/users/auth/google_oauth2" for 172.18.0.1 at 2024-07-28 02:02:06 +0000
Started GET "/users/auth/google_oauth2/callback?state=29b17d2027ee074f210e0f4a2f0e9fcb0cc466ce76c406ca&code=4/0AcvDMrC_Fr6rMkd-AvEGGHcPDDgXVpX8NoYXePKLTcYZdJoPeUSTjNTFfamtQiGhpTd_2w&scope=email%20profile%20openid%20https://www.googleapis.com/auth/userinfo.profile%20https://www.googleapis.com/auth/userinfo.email&authuser=0&prompt=consent" for 172.18.0.1 at 2024-07-28 02:02:11 +0000
Processing by Users::OmniauthCallbacksController#google_oauth2 as HTML
  Parameters: {"state"=>"29b17d2027ee074f210e0f4a2f0e9fcb0cc466ce76c406ca", "code"=>"4/0AcvDMrC_Fr6rMkd-AvEGGHcPDDgXVpX8NoYXePKLTcYZdJoPeUSTjNTFfamtQiGhpTd_2w", "scope"=>"email profile openid https://www.googleapis.com/auth/userinfo.profile https://www.googleapis.com/auth/userinfo.email", "authuser"=>"0", "prompt"=>"consent"}
  [1m[36mUser Load (0.3ms)[0m  [1m[34mSELECT "users".* FROM "users" WHERE "users"."uid" = $1 ORDER BY "users"."id" ASC LIMIT $2[0m  [["uid", "106455832823799659144"], ["LIMIT", 1]]
  ↳ app/models/user.rb:21:in `from_omniauth'
Completed 200 OK in 15ms (Views: 0.1ms | ActiveRecord: 3.4ms | Allocations: 5911)


Started GET "/api/core/categories" for 172.18.0.1 at 2024-07-28 02:02:15 +0000
  [1m[36mUser Load (0.3ms)[0m  [1m[34mSELECT "users".* FROM "users" WHERE "users"."id" = $1 LIMIT $2[0m  [["id", 1], ["LIMIT", 1]]
  ↳ app/commands/authorize_api_request.rb:17:in `user'
  [1m[36mCategory Load (0.5ms)[0m  [1m[34mSELECT "categories".* FROM "categories"[0m
  ↳ app/api/core/categories/get.rb:13:in `reject'
Started GET "/api/core/categories" for 172.18.0.1 at 2024-07-28 02:02:15 +0000
  [1m[36mUser Load (0.3ms)[0m  [1m[34mSELECT "users".* FROM "users" WHERE "users"."id" = $1 LIMIT $2[0m  [["id", 1], ["LIMIT", 1]]
  ↳ app/commands/authorize_api_request.rb:17:in `user'
  [1m[36mCategory Load (0.3ms)[0m  [1m[34mSELECT "categories".* FROM "categories"[0m
  ↳ app/api/core/categories/get.rb:13:in `reject'
Started GET "/api/core/categories" for 172.18.0.1 at 2024-07-28 02:06:02 +0000
  [1m[36mUser Load (0.3ms)[0m  [1m[34mSELECT "users".* FROM "users" WHERE "users"."id" = $1 LIMIT $2[0m  [["id", 1], ["LIMIT", 1]]
  ↳ app/commands/authorize_api_request.rb:17:in `user'
  [1m[36mCategory Load (0.4ms)[0m  [1m[34mSELECT "categories".* FROM "categories"[0m
  ↳ app/api/core/categories/get.rb:13:in `reject'
Started GET "/api/core/categories" for 172.18.0.1 at 2024-07-28 02:06:02 +0000
  [1m[36mUser Load (0.4ms)[0m  [1m[34mSELECT "users".* FROM "users" WHERE "users"."id" = $1 LIMIT $2[0m  [["id", 1], ["LIMIT", 1]]
  ↳ app/commands/authorize_api_request.rb:17:in `user'
  [1m[36mCategory Load (0.4ms)[0m  [1m[34mSELECT "categories".* FROM "categories"[0m
  ↳ app/api/core/categories/get.rb:13:in `reject'
Started GET "/api/core/categories" for 172.18.0.1 at 2024-07-28 02:21:58 +0000
Started GET "/api/core/categories" for 172.18.0.1 at 2024-07-28 02:21:58 +0000
  [1m[36mUser Load (0.5ms)[0m  [1m[34mSELECT "users".* FROM "users" WHERE "users"."id" = $1 LIMIT $2[0m  [["id", 1], ["LIMIT", 1]]
  ↳ app/commands/authorize_api_request.rb:17:in `user'
  [1m[36mCategory Load (0.5ms)[0m  [1m[34mSELECT "categories".* FROM "categories"[0m
  ↳ app/api/core/categories/get.rb:13:in `reject'
  [1m[36mUser Load (0.5ms)[0m  [1m[34mSELECT "users".* FROM "users" WHERE "users"."id" = $1 LIMIT $2[0m  [["id", 1], ["LIMIT", 1]]
  ↳ app/commands/authorize_api_request.rb:17:in `user'
  [1m[36mCategory Load (0.6ms)[0m  [1m[34mSELECT "categories".* FROM "categories"[0m
  ↳ app/api/core/categories/get.rb:13:in `reject'
Started GET "/api/core/categories" for 172.18.0.1 at 2024-07-28 02:23:58 +0000
  [1m[36mUser Load (0.2ms)[0m  [1m[34mSELECT "users".* FROM "users" WHERE "users"."id" = $1 LIMIT $2[0m  [["id", 1], ["LIMIT", 1]]
  ↳ app/commands/authorize_api_request.rb:17:in `user'
  [1m[36mCategory Load (0.3ms)[0m  [1m[34mSELECT "categories".* FROM "categories"[0m
  ↳ app/api/core/categories/get.rb:13:in `reject'
Started GET "/api/core/categories" for 172.18.0.1 at 2024-07-28 02:23:58 +0000
  [1m[36mUser Load (0.2ms)[0m  [1m[34mSELECT "users".* FROM "users" WHERE "users"."id" = $1 LIMIT $2[0m  [["id", 1], ["LIMIT", 1]]
  ↳ app/commands/authorize_api_request.rb:17:in `user'
  [1m[36mCategory Load (0.3ms)[0m  [1m[34mSELECT "categories".* FROM "categories"[0m
  ↳ app/api/core/categories/get.rb:13:in `reject'
Started GET "/api/core/categories" for 172.18.0.1 at 2024-07-28 02:24:02 +0000
  [1m[36mUser Load (0.3ms)[0m  [1m[34mSELECT "users".* FROM "users" WHERE "users"."id" = $1 LIMIT $2[0m  [["id", 1], ["LIMIT", 1]]
  ↳ app/commands/authorize_api_request.rb:17:in `user'
  [1m[36mCategory Load (0.4ms)[0m  [1m[34mSELECT "categories".* FROM "categories"[0m
  ↳ app/api/core/categories/get.rb:13:in `reject'
Started GET "/api/core/categories" for 172.18.0.1 at 2024-07-28 02:24:02 +0000
  [1m[36mUser Load (0.4ms)[0m  [1m[34mSELECT "users".* FROM "users" WHERE "users"."id" = $1 LIMIT $2[0m  [["id", 1], ["LIMIT", 1]]
  ↳ app/commands/authorize_api_request.rb:17:in `user'
  [1m[36mCategory Load (0.4ms)[0m  [1m[34mSELECT "categories".* FROM "categories"[0m
  ↳ app/api/core/categories/get.rb:13:in `reject'
Started GET "/api/core/categories" for 172.18.0.1 at 2024-07-28 02:25:17 +0000
  [1m[36mUser Load (0.5ms)[0m  [1m[34mSELECT "users".* FROM "users" WHERE "users"."id" = $1 LIMIT $2[0m  [["id", 1], ["LIMIT", 1]]
  ↳ app/commands/authorize_api_request.rb:17:in `user'
  [1m[36mCategory Load (0.4ms)[0m  [1m[34mSELECT "categories".* FROM "categories"[0m
  ↳ app/api/core/categories/get.rb:13:in `reject'
Started GET "/api/core/categories" for 172.18.0.1 at 2024-07-28 02:25:23 +0000
  [1m[36mUser Load (0.2ms)[0m  [1m[34mSELECT "users".* FROM "users" WHERE "users"."id" = $1 LIMIT $2[0m  [["id", 1], ["LIMIT", 1]]
  ↳ app/commands/authorize_api_request.rb:17:in `user'
  [1m[36mCategory Load (0.3ms)[0m  [1m[34mSELECT "categories".* FROM "categories"[0m
  ↳ app/api/core/categories/get.rb:13:in `reject'
Started GET "/api/core/categories" for 172.18.0.1 at 2024-07-28 02:25:23 +0000
  [1m[36mUser Load (0.2ms)[0m  [1m[34mSELECT "users".* FROM "users" WHERE "users"."id" = $1 LIMIT $2[0m  [["id", 1], ["LIMIT", 1]]
  ↳ app/commands/authorize_api_request.rb:17:in `user'
  [1m[36mCategory Load (0.4ms)[0m  [1m[34mSELECT "categories".* FROM "categories"[0m
  ↳ app/api/core/categories/get.rb:13:in `reject'
Started GET "/api/core/categories" for 172.18.0.1 at 2024-07-28 02:25:58 +0000
Started GET "/api/core/categories" for 172.18.0.1 at 2024-07-28 02:25:58 +0000
  [1m[36mUser Load (0.9ms)[0m  [1m[34mSELECT "users".* FROM "users" WHERE "users"."id" = $1 LIMIT $2[0m  [["id", 1], ["LIMIT", 1]]
  ↳ app/commands/authorize_api_request.rb:17:in `user'
  [1m[36mCategory Load (0.4ms)[0m  [1m[34mSELECT "categories".* FROM "categories"[0m
  ↳ app/api/core/categories/get.rb:13:in `reject'
  [1m[36mUser Load (0.2ms)[0m  [1m[34mSELECT "users".* FROM "users" WHERE "users"."id" = $1 LIMIT $2[0m  [["id", 1], ["LIMIT", 1]]
  ↳ app/commands/authorize_api_request.rb:17:in `user'
  [1m[36mCategory Load (0.3ms)[0m  [1m[34mSELECT "categories".* FROM "categories"[0m
  ↳ app/api/core/categories/get.rb:13:in `reject'
Started GET "/api/core/resources?category_ids=&available_on_date=undefined" for 172.18.0.1 at 2024-07-28 02:25:58 +0000
  [1m[36mUser Load (0.3ms)[0m  [1m[34mSELECT "users".* FROM "users" WHERE "users"."id" = $1 LIMIT $2[0m  [["id", 1], ["LIMIT", 1]]
  ↳ app/commands/authorize_api_request.rb:17:in `user'
  [1m[36mResource Load (0.3ms)[0m  [1m[34mSELECT "resources".* FROM "resources" WHERE "resources"."deleted" = $1[0m  [["deleted", false]]
  ↳ app/api/core/resources/get.rb:23:in `reject'
Started GET "/api/core/categories" for 172.18.0.1 at 2024-07-28 02:28:11 +0000
Started GET "/api/core/categories" for 172.18.0.1 at 2024-07-28 02:28:11 +0000
  [1m[36mUser Load (1.7ms)[0m  [1m[34mSELECT "users".* FROM "users" WHERE "users"."id" = $1 LIMIT $2[0m  [["id", 1], ["LIMIT", 1]]
  ↳ app/commands/authorize_api_request.rb:17:in `user'
  [1m[36mCategory Load (0.5ms)[0m  [1m[34mSELECT "categories".* FROM "categories"[0m
  ↳ app/api/core/categories/get.rb:13:in `reject'
  [1m[36mUser Load (0.6ms)[0m  [1m[34mSELECT "users".* FROM "users" WHERE "users"."id" = $1 LIMIT $2[0m  [["id", 1], ["LIMIT", 1]]
  ↳ app/commands/authorize_api_request.rb:17:in `user'
  [1m[36mCategory Load (0.6ms)[0m  [1m[34mSELECT "categories".* FROM "categories"[0m
  ↳ app/api/core/categories/get.rb:13:in `reject'
Started GET "/api/core/resources?category_ids=&available_on_date=undefined" for 172.18.0.1 at 2024-07-28 02:28:11 +0000
  [1m[36mUser Load (0.3ms)[0m  [1m[34mSELECT "users".* FROM "users" WHERE "users"."id" = $1 LIMIT $2[0m  [["id", 1], ["LIMIT", 1]]
  ↳ app/commands/authorize_api_request.rb:17:in `user'
  [1m[36mResource Load (0.4ms)[0m  [1m[34mSELECT "resources".* FROM "resources" WHERE "resources"."deleted" = $1[0m  [["deleted", false]]
  ↳ app/api/core/resources/get.rb:23:in `reject'
Started GET "/api/core/wrapped/global_bookings_count" for 172.18.0.1 at 2024-07-28 02:28:15 +0000
  [1m[36mUser Load (0.9ms)[0m  [1m[34mSELECT "users".* FROM "users" WHERE "users"."id" = $1 LIMIT $2[0m  [["id", 1], ["LIMIT", 1]]
  ↳ app/commands/authorize_api_request.rb:17:in `user'
  [1m[36mResourceBooking Count (0.9ms)[0m  [1m[34mSELECT COUNT(*) FROM "resource_bookings"[0m
  ↳ app/api/core/wrapped/global_bookings_count.rb:9:in `block in <class:GlobalBookingsCount>'
Started GET "/api/core/wrapped/global_days_booked" for 172.18.0.1 at 2024-07-28 02:28:15 +0000
  [1m[36mUser Load (0.4ms)[0m  [1m[34mSELECT "users".* FROM "users" WHERE "users"."id" = $1 LIMIT $2[0m  [["id", 1], ["LIMIT", 1]]
  ↳ app/commands/authorize_api_request.rb:17:in `user'
  [1m[36mResourceBooking Load (0.4ms)[0m  [1m[34mSELECT "resource_bookings".* FROM "resource_bookings"[0m
  ↳ app/api/core/wrapped/global_days_booked.rb:12:in `block in <class:GlobalDaysBooked>'
Started GET "/api/core/wrapped/global_booking_time" for 172.18.0.1 at 2024-07-28 02:28:15 +0000
  [1m[36mUser Load (0.3ms)[0m  [1m[34mSELECT "users".* FROM "users" WHERE "users"."id" = $1 LIMIT $2[0m  [["id", 1], ["LIMIT", 1]]
  ↳ app/commands/authorize_api_request.rb:17:in `user'
  [1m[36mResourceBooking Load (0.3ms)[0m  [1m[34mSELECT "resource_bookings".* FROM "resource_bookings"[0m
  ↳ app/api/core/wrapped/global_booking_time.rb:12:in `block in <class:GlobalBookingTime>'
Started GET "/api/core/wrapped/global_users_count" for 172.18.0.1 at 2024-07-28 02:28:15 +0000
  [1m[36mUser Load (0.4ms)[0m  [1m[34mSELECT "users".* FROM "users" WHERE "users"."id" = $1 LIMIT $2[0m  [["id", 1], ["LIMIT", 1]]
  ↳ app/commands/authorize_api_request.rb:17:in `user'
  [1m[36mUser Count (0.4ms)[0m  [1m[34mSELECT COUNT(*) FROM "users"[0m
  ↳ app/api/core/wrapped/global_users_count.rb:9:in `block in <class:GlobalUsersCount>'
Started GET "/api/core/wrapped/bookings_count" for 172.18.0.1 at 2024-07-28 02:28:15 +0000
  [1m[36mUser Load (0.3ms)[0m  [1m[34mSELECT "users".* FROM "users" WHERE "users"."id" = $1 LIMIT $2[0m  [["id", 1], ["LIMIT", 1]]
  ↳ app/commands/authorize_api_request.rb:17:in `user'
  [1m[36mResourceBooking Load (0.3ms)[0m  [1m[34mSELECT "resource_bookings".* FROM "resource_bookings"[0m
  ↳ app/api/core/wrapped/bookings_count.rb:10:in `block in <class:BookingsCount>'
Started GET "/api/core/wrapped/days_booked" for 172.18.0.1 at 2024-07-28 02:28:15 +0000
  [1m[36mUser Load (0.2ms)[0m  [1m[34mSELECT "users".* FROM "users" WHERE "users"."id" = $1 LIMIT $2[0m  [["id", 1], ["LIMIT", 1]]
  ↳ app/commands/authorize_api_request.rb:17:in `user'
  [1m[36mResourceBooking Load (0.3ms)[0m  [1m[34mSELECT "resource_bookings".* FROM "resource_bookings" WHERE "resource_bookings"."bookedById" = $1[0m  [["bookedById", 1]]
  ↳ app/api/core/wrapped/days_booked.rb:12:in `block in <class:DaysBooked>'
Started GET "/api/core/wrapped/cancelled_bookings_count" for 172.18.0.1 at 2024-07-28 02:28:15 +0000
  [1m[36mUser Load (0.2ms)[0m  [1m[34mSELECT "users".* FROM "users" WHERE "users"."id" = $1 LIMIT $2[0m  [["id", 1], ["LIMIT", 1]]
  ↳ app/commands/authorize_api_request.rb:17:in `user'
  [1m[36mResourceBooking Load (0.3ms)[0m  [1m[34mSELECT "resource_bookings".* FROM "resource_bookings"[0m
  ↳ app/api/core/wrapped/cancelled_bookings_count.rb:10:in `block in <class:CancelledBookingsCount>'
Started GET "/api/core/wrapped/booking_time" for 172.18.0.1 at 2024-07-28 02:28:15 +0000
  [1m[36mUser Load (0.2ms)[0m  [1m[34mSELECT "users".* FROM "users" WHERE "users"."id" = $1 LIMIT $2[0m  [["id", 1], ["LIMIT", 1]]
  ↳ app/commands/authorize_api_request.rb:17:in `user'
  [1m[36mResourceBooking Load (0.3ms)[0m  [1m[34mSELECT "resource_bookings".* FROM "resource_bookings" WHERE "resource_bookings"."bookedById" = $1[0m  [["bookedById", 1]]
  ↳ app/api/core/wrapped/booking_time.rb:12:in `block in <class:BookingTime>'
Started GET "/api/core/wrapped/days_since_joined" for 172.18.0.1 at 2024-07-28 02:28:15 +0000
  [1m[36mUser Load (0.2ms)[0m  [1m[34mSELECT "users".* FROM "users" WHERE "users"."id" = $1 LIMIT $2[0m  [["id", 1], ["LIMIT", 1]]
  ↳ app/commands/authorize_api_request.rb:17:in `user'
Started GET "/api/core/categories" for 172.18.0.1 at 2024-07-28 02:28:19 +0000
Started GET "/api/core/categories" for 172.18.0.1 at 2024-07-28 02:28:19 +0000
  [1m[36mUser Load (0.2ms)[0m  [1m[34mSELECT "users".* FROM "users" WHERE "users"."id" = $1 LIMIT $2[0m  [["id", 1], ["LIMIT", 1]]
  ↳ app/commands/authorize_api_request.rb:17:in `user'
  [1m[36mCategory Load (0.4ms)[0m  [1m[34mSELECT "categories".* FROM "categories"[0m
  ↳ app/api/core/categories/get.rb:13:in `reject'
  [1m[36mUser Load (0.2ms)[0m  [1m[34mSELECT "users".* FROM "users" WHERE "users"."id" = $1 LIMIT $2[0m  [["id", 1], ["LIMIT", 1]]
  ↳ app/commands/authorize_api_request.rb:17:in `user'
  [1m[36mCategory Load (0.3ms)[0m  [1m[34mSELECT "categories".* FROM "categories"[0m
  ↳ app/api/core/categories/get.rb:13:in `reject'
Started GET "/api/core/resources?category_ids=&available_on_date=undefined" for 172.18.0.1 at 2024-07-28 02:28:19 +0000
  [1m[36mUser Load (0.2ms)[0m  [1m[34mSELECT "users".* FROM "users" WHERE "users"."id" = $1 LIMIT $2[0m  [["id", 1], ["LIMIT", 1]]
  ↳ app/commands/authorize_api_request.rb:17:in `user'
  [1m[36mResource Load (0.3ms)[0m  [1m[34mSELECT "resources".* FROM "resources" WHERE "resources"."deleted" = $1[0m  [["deleted", false]]
  ↳ app/api/core/resources/get.rb:23:in `reject'
[dotenv] Set [36mJWT_ENCRYPTION_KEY[0m, [36mGOOGLE_CLIENT_ID[0m, [36mGOOGLE_CLIENT_SECRET[0m, [36mALLOWED_EMAIL_DOMAINS[0m, and [36mALLOWED_EMAILS[0m
[dotenv] Loaded [33m.env.local[0m
DEPRECATION WARNING: `Rails.application.secrets` is deprecated in favor of `Rails.application.credentials` and will be removed in Rails 7.2. (called from <main> at /app/config/environment.rb:7)
  [1m[35m (0.2ms)[0m  [1m[34mSELECT pg_try_advisory_lock(4959247321774455780)[0m
  [1m[36mActiveRecord::SchemaMigration Load (0.5ms)[0m  [1m[34mSELECT "schema_migrations"."version" FROM "schema_migrations" ORDER BY "schema_migrations"."version" ASC[0m
  [1m[36mActiveRecord::InternalMetadata Load (0.9ms)[0m  [1m[34mSELECT * FROM "ar_internal_metadata" WHERE "ar_internal_metadata"."key" = $1 ORDER BY "ar_internal_metadata"."key" ASC LIMIT 1[0m  [[nil, "environment"]]
  [1m[35m (0.2ms)[0m  [1m[34mSELECT pg_advisory_unlock(4959247321774455780)[0m
  [1m[36mActiveRecord::SchemaMigration Load (0.2ms)[0m  [1m[34mSELECT "schema_migrations"."version" FROM "schema_migrations" ORDER BY "schema_migrations"."version" ASC[0m
[dotenv] Set [36mJWT_ENCRYPTION_KEY[0m, [36mGOOGLE_CLIENT_ID[0m, [36mGOOGLE_CLIENT_SECRET[0m, [36mALLOWED_EMAIL_DOMAINS[0m, and [36mALLOWED_EMAILS[0m
[dotenv] Loaded [33m.env.local[0m
DEPRECATION WARNING: `Rails.application.secrets` is deprecated in favor of `Rails.application.credentials` and will be removed in Rails 7.2. (called from <main> at /app/config/environment.rb:7)
  [1m[35m (0.2ms)[0m  [1m[34mSELECT pg_try_advisory_lock(4959247321774455780)[0m
  [1m[36mActiveRecord::SchemaMigration Load (0.6ms)[0m  [1m[34mSELECT "schema_migrations"."version" FROM "schema_migrations" ORDER BY "schema_migrations"."version" ASC[0m
  [1m[36mActiveRecord::InternalMetadata Load (1.0ms)[0m  [1m[34mSELECT * FROM "ar_internal_metadata" WHERE "ar_internal_metadata"."key" = $1 ORDER BY "ar_internal_metadata"."key" ASC LIMIT 1[0m  [[nil, "environment"]]
  [1m[35m (0.3ms)[0m  [1m[34mSELECT pg_advisory_unlock(4959247321774455780)[0m
  [1m[36mActiveRecord::SchemaMigration Load (0.3ms)[0m  [1m[34mSELECT "schema_migrations"."version" FROM "schema_migrations" ORDER BY "schema_migrations"."version" ASC[0m
[dotenv] Set [36mJWT_ENCRYPTION_KEY[0m, [36mGOOGLE_CLIENT_ID[0m, [36mGOOGLE_CLIENT_SECRET[0m, [36mALLOWED_EMAIL_DOMAINS[0m, and [36mALLOWED_EMAILS[0m
[dotenv] Loaded [33m.env.local[0m
DEPRECATION WARNING: `Rails.application.secrets` is deprecated in favor of `Rails.application.credentials` and will be removed in Rails 7.2. (called from <main> at /app/config/environment.rb:7)
[dotenv] Set [36mJWT_ENCRYPTION_KEY[0m, [36mGOOGLE_CLIENT_ID[0m, [36mGOOGLE_CLIENT_SECRET[0m, [36mALLOWED_EMAIL_DOMAINS[0m, and [36mALLOWED_EMAILS[0m
[dotenv] Loaded [33m.env.local[0m
DEPRECATION WARNING: `Rails.application.secrets` is deprecated in favor of `Rails.application.credentials` and will be removed in Rails 7.2. (called from <main> at /app/config/environment.rb:7)
  [1m[35m (0.2ms)[0m  [1m[34mSELECT pg_try_advisory_lock(4959247321774455780)[0m
  [1m[36mActiveRecord::SchemaMigration Load (1.0ms)[0m  [1m[34mSELECT "schema_migrations"."version" FROM "schema_migrations" ORDER BY "schema_migrations"."version" ASC[0m
  [1m[36mActiveRecord::InternalMetadata Load (1.2ms)[0m  [1m[34mSELECT * FROM "ar_internal_metadata" WHERE "ar_internal_metadata"."key" = $1 ORDER BY "ar_internal_metadata"."key" ASC LIMIT 1[0m  [[nil, "environment"]]
  [1m[35m (0.4ms)[0m  [1m[34mSELECT pg_advisory_unlock(4959247321774455780)[0m
  [1m[36mActiveRecord::SchemaMigration Load (0.3ms)[0m  [1m[34mSELECT "schema_migrations"."version" FROM "schema_migrations" ORDER BY "schema_migrations"."version" ASC[0m
[dotenv] Set [36mJWT_ENCRYPTION_KEY[0m, [36mGOOGLE_CLIENT_ID[0m, [36mGOOGLE_CLIENT_SECRET[0m, [36mALLOWED_EMAIL_DOMAINS[0m, and [36mALLOWED_EMAILS[0m
[dotenv] Loaded [33m.env.local[0m
DEPRECATION WARNING: `Rails.application.secrets` is deprecated in favor of `Rails.application.credentials` and will be removed in Rails 7.2. (called from <main> at /app/config/environment.rb:7)
  [1m[35m (0.2ms)[0m  [1m[34mSELECT pg_try_advisory_lock(4959247321774455780)[0m
  [1m[36mActiveRecord::SchemaMigration Load (0.5ms)[0m  [1m[34mSELECT "schema_migrations"."version" FROM "schema_migrations" ORDER BY "schema_migrations"."version" ASC[0m
  [1m[36mActiveRecord::InternalMetadata Load (0.5ms)[0m  [1m[34mSELECT * FROM "ar_internal_metadata" WHERE "ar_internal_metadata"."key" = $1 ORDER BY "ar_internal_metadata"."key" ASC LIMIT 1[0m  [[nil, "environment"]]
  [1m[35m (0.2ms)[0m  [1m[34mSELECT pg_advisory_unlock(4959247321774455780)[0m
  [1m[36mActiveRecord::SchemaMigration Load (0.2ms)[0m  [1m[34mSELECT "schema_migrations"."version" FROM "schema_migrations" ORDER BY "schema_migrations"."version" ASC[0m
[dotenv] Set [36mJWT_ENCRYPTION_KEY[0m, [36mGOOGLE_CLIENT_ID[0m, [36mGOOGLE_CLIENT_SECRET[0m, [36mALLOWED_EMAIL_DOMAINS[0m, and [36mALLOWED_EMAILS[0m
[dotenv] Loaded [33m.env.local[0m
DEPRECATION WARNING: `Rails.application.secrets` is deprecated in favor of `Rails.application.credentials` and will be removed in Rails 7.2. (called from <main> at /app/config/environment.rb:7)
Started GET "/api/core/categories" for 172.18.0.1 at 2024-07-28 02:29:48 +0000
Started GET "/api/core/categories" for 172.18.0.1 at 2024-07-28 02:29:48 +0000
  [1m[36mActiveRecord::SchemaMigration Load (0.6ms)[0m  [1m[34mSELECT "schema_migrations"."version" FROM "schema_migrations" ORDER BY "schema_migrations"."version" ASC[0m
  [1m[36mUser Load (0.4ms)[0m  [1m[34mSELECT "users".* FROM "users" WHERE "users"."id" = $1 LIMIT $2[0m  [["id", 1], ["LIMIT", 1]]
  ↳ app/commands/authorize_api_request.rb:17:in `user'
  [1m[36mUser Load (1.9ms)[0m  [1m[34mSELECT "users".* FROM "users" WHERE "users"."id" = $1 LIMIT $2[0m  [["id", 1], ["LIMIT", 1]]
  ↳ app/commands/authorize_api_request.rb:17:in `user'
  [1m[36mCategory Load (0.5ms)[0m  [1m[34mSELECT "categories".* FROM "categories"[0m
  ↳ app/api/core/categories/get.rb:13:in `reject'
  [1m[36mCategory Load (1.4ms)[0m  [1m[34mSELECT "categories".* FROM "categories"[0m
  ↳ app/api/core/categories/get.rb:13:in `reject'
Started GET "/api/core/resources?category_ids=&available_on_date=undefined" for 172.18.0.1 at 2024-07-28 02:29:48 +0000
  [1m[36mUser Load (0.3ms)[0m  [1m[34mSELECT "users".* FROM "users" WHERE "users"."id" = $1 LIMIT $2[0m  [["id", 1], ["LIMIT", 1]]
  ↳ app/commands/authorize_api_request.rb:17:in `user'
  [1m[36mResource Load (0.3ms)[0m  [1m[34mSELECT "resources".* FROM "resources" WHERE "resources"."deleted" = $1[0m  [["deleted", false]]
  ↳ app/api/core/resources/get.rb:23:in `reject'
Started GET "/api/core/categories" for 172.18.0.1 at 2024-07-28 02:30:20 +0000
Started GET "/api/core/categories" for 172.18.0.1 at 2024-07-28 02:30:20 +0000
  [1m[36mUser Load (1.7ms)[0m  [1m[34mSELECT "users".* FROM "users" WHERE "users"."id" = $1 LIMIT $2[0m  [["id", 1], ["LIMIT", 1]]
  ↳ app/commands/authorize_api_request.rb:17:in `user'
  [1m[36mUser Load (1.7ms)[0m  [1m[34mSELECT "users".* FROM "users" WHERE "users"."id" = $1 LIMIT $2[0m  [["id", 1], ["LIMIT", 1]]
  ↳ app/commands/authorize_api_request.rb:17:in `user'
  [1m[36mCategory Load (1.0ms)[0m  [1m[34mSELECT "categories".* FROM "categories"[0m
  ↳ app/api/core/categories/get.rb:13:in `reject'
  [1m[36mCategory Load (2.4ms)[0m  [1m[34mSELECT "categories".* FROM "categories"[0m
  ↳ app/api/core/categories/get.rb:13:in `reject'
Started GET "/api/core/resources?category_ids=&available_on_date=undefined" for 172.18.0.1 at 2024-07-28 02:30:20 +0000
  [1m[36mUser Load (0.3ms)[0m  [1m[34mSELECT "users".* FROM "users" WHERE "users"."id" = $1 LIMIT $2[0m  [["id", 1], ["LIMIT", 1]]
  ↳ app/commands/authorize_api_request.rb:17:in `user'
  [1m[36mResource Load (0.3ms)[0m  [1m[34mSELECT "resources".* FROM "resources" WHERE "resources"."deleted" = $1[0m  [["deleted", false]]
  ↳ app/api/core/resources/get.rb:23:in `reject'
Started GET "/api/core/categories" for 172.18.0.1 at 2024-07-28 02:33:45 +0000
Started GET "/api/core/categories" for 172.18.0.1 at 2024-07-28 02:33:45 +0000
Started GET "/api/core/resources?category_ids=&available_on_date=undefined" for 172.18.0.1 at 2024-07-28 02:33:45 +0000
Started GET "/users/auth/google_oauth2" for 172.18.0.1 at 2024-07-28 02:33:56 +0000
Started GET "/users/auth/google_oauth2/callback?state=1edbeaccc0371ce13af3c352229e13ae871143a936c8115a&code=4/0AcvDMrDjNMMm2VYp_58UYBbr1A-U4--839ZG8OFt6_dQNfjwcvk-Ad-QYIXsc57gpyO35A&scope=email%20profile%20openid%20https://www.googleapis.com/auth/userinfo.profile%20https://www.googleapis.com/auth/userinfo.email&authuser=0&prompt=consent" for 172.18.0.1 at 2024-07-28 02:34:01 +0000
Processing by Users::OmniauthCallbacksController#google_oauth2 as HTML
  Parameters: {"state"=>"1edbeaccc0371ce13af3c352229e13ae871143a936c8115a", "code"=>"4/0AcvDMrDjNMMm2VYp_58UYBbr1A-U4--839ZG8OFt6_dQNfjwcvk-Ad-QYIXsc57gpyO35A", "scope"=>"email profile openid https://www.googleapis.com/auth/userinfo.profile https://www.googleapis.com/auth/userinfo.email", "authuser"=>"0", "prompt"=>"consent"}
  [1m[36mUser Load (0.4ms)[0m  [1m[34mSELECT "users".* FROM "users" WHERE "users"."uid" = $1 ORDER BY "users"."id" ASC LIMIT $2[0m  [["uid", "106455832823799659144"], ["LIMIT", 1]]
  ↳ app/models/user.rb:21:in `from_omniauth'
Completed 200 OK in 40ms (Views: 0.2ms | ActiveRecord: 0.4ms | Allocations: 21686)


Started GET "/api/core/categories" for 172.18.0.1 at 2024-07-28 02:34:17 +0000
Started GET "/api/core/categories" for 172.18.0.1 at 2024-07-28 02:34:17 +0000
  [1m[36mUser Load (0.6ms)[0m  [1m[34mSELECT "users".* FROM "users" WHERE "users"."id" = $1 LIMIT $2[0m  [["id", 1], ["LIMIT", 1]]
  ↳ app/commands/authorize_api_request.rb:17:in `user'
  [1m[36mCategory Load (0.4ms)[0m  [1m[34mSELECT "categories".* FROM "categories"[0m
  ↳ app/api/core/categories/get.rb:13:in `reject'
  [1m[36mUser Load (0.3ms)[0m  [1m[34mSELECT "users".* FROM "users" WHERE "users"."id" = $1 LIMIT $2[0m  [["id", 1], ["LIMIT", 1]]
  ↳ app/commands/authorize_api_request.rb:17:in `user'
  [1m[36mCategory Load (0.3ms)[0m  [1m[34mSELECT "categories".* FROM "categories"[0m
  ↳ app/api/core/categories/get.rb:13:in `reject'
Started GET "/api/core/resources?category_ids=&available_on_date=undefined" for 172.18.0.1 at 2024-07-28 02:34:17 +0000
  [1m[36mUser Load (0.3ms)[0m  [1m[34mSELECT "users".* FROM "users" WHERE "users"."id" = $1 LIMIT $2[0m  [["id", 1], ["LIMIT", 1]]
  ↳ app/commands/authorize_api_request.rb:17:in `user'
  [1m[36mResource Load (0.3ms)[0m  [1m[34mSELECT "resources".* FROM "resources" WHERE "resources"."deleted" = $1[0m  [["deleted", false]]
  ↳ app/api/core/resources/get.rb:23:in `reject'
Started GET "/users/auth/google_oauth2" for 172.18.0.1 at 2024-07-28 20:51:42 +0000
Started GET "/users/auth/google_oauth2/callback?state=e2b4c3b5f79a67c5ca534fcb236f04b95131e6abcfdd7436&code=4/0AcvDMrCjuUhkR1Mi_iqNKiwI4p668CEgiqztZRSNVgyT-fWo2M_o4mjMZbX14SqAlvMWNw&scope=email%20profile%20openid%20https://www.googleapis.com/auth/userinfo.profile%20https://www.googleapis.com/auth/userinfo.email&authuser=0&prompt=consent" for 172.18.0.1 at 2024-07-28 20:51:50 +0000
Processing by Users::OmniauthCallbacksController#google_oauth2 as HTML
  Parameters: {"state"=>"e2b4c3b5f79a67c5ca534fcb236f04b95131e6abcfdd7436", "code"=>"4/0AcvDMrCjuUhkR1Mi_iqNKiwI4p668CEgiqztZRSNVgyT-fWo2M_o4mjMZbX14SqAlvMWNw", "scope"=>"email profile openid https://www.googleapis.com/auth/userinfo.profile https://www.googleapis.com/auth/userinfo.email", "authuser"=>"0", "prompt"=>"consent"}
  [1m[36mUser Load (1.9ms)[0m  [1m[34mSELECT "users".* FROM "users" WHERE "users"."uid" = $1 ORDER BY "users"."id" ASC LIMIT $2[0m  [["uid", "106455832823799659144"], ["LIMIT", 1]]
  ↳ app/models/user.rb:21:in `from_omniauth'
Completed 200 OK in 65ms (Views: 0.6ms | ActiveRecord: 25.7ms | Allocations: 4017)


[dotenv] Set [36mJWT_ENCRYPTION_KEY[0m, [36mGOOGLE_CLIENT_ID[0m, [36mGOOGLE_CLIENT_SECRET[0m, [36mALLOWED_EMAIL_DOMAINS[0m, and [36mALLOWED_EMAILS[0m
[dotenv] Loaded [33m.env.local[0m
DEPRECATION WARNING: `Rails.application.secrets` is deprecated in favor of `Rails.application.credentials` and will be removed in Rails 7.2. (called from <main> at /app/config/environment.rb:7)
  [1m[35m (0.2ms)[0m  [1m[34mSELECT pg_try_advisory_lock(4959247321774455780)[0m
  [1m[36mActiveRecord::SchemaMigration Load (0.7ms)[0m  [1m[34mSELECT "schema_migrations"."version" FROM "schema_migrations" ORDER BY "schema_migrations"."version" ASC[0m
  [1m[36mActiveRecord::InternalMetadata Load (0.9ms)[0m  [1m[34mSELECT * FROM "ar_internal_metadata" WHERE "ar_internal_metadata"."key" = $1 ORDER BY "ar_internal_metadata"."key" ASC LIMIT 1[0m  [[nil, "environment"]]
  [1m[35m (0.3ms)[0m  [1m[34mSELECT pg_advisory_unlock(4959247321774455780)[0m
  [1m[36mActiveRecord::SchemaMigration Load (0.2ms)[0m  [1m[34mSELECT "schema_migrations"."version" FROM "schema_migrations" ORDER BY "schema_migrations"."version" ASC[0m
[dotenv] Set [36mJWT_ENCRYPTION_KEY[0m, [36mGOOGLE_CLIENT_ID[0m, [36mGOOGLE_CLIENT_SECRET[0m, [36mALLOWED_EMAIL_DOMAINS[0m, and [36mALLOWED_EMAILS[0m
[dotenv] Loaded [33m.env.local[0m
DEPRECATION WARNING: `Rails.application.secrets` is deprecated in favor of `Rails.application.credentials` and will be removed in Rails 7.2. (called from <main> at /app/config/environment.rb:7)
  [1m[35m (0.2ms)[0m  [1m[34mSELECT pg_try_advisory_lock(4959247321774455780)[0m
  [1m[36mActiveRecord::SchemaMigration Load (0.6ms)[0m  [1m[34mSELECT "schema_migrations"."version" FROM "schema_migrations" ORDER BY "schema_migrations"."version" ASC[0m
  [1m[36mActiveRecord::InternalMetadata Load (0.8ms)[0m  [1m[34mSELECT * FROM "ar_internal_metadata" WHERE "ar_internal_metadata"."key" = $1 ORDER BY "ar_internal_metadata"."key" ASC LIMIT 1[0m  [[nil, "environment"]]
  [1m[35m (0.2ms)[0m  [1m[34mSELECT pg_advisory_unlock(4959247321774455780)[0m
  [1m[36mActiveRecord::SchemaMigration Load (0.2ms)[0m  [1m[34mSELECT "schema_migrations"."version" FROM "schema_migrations" ORDER BY "schema_migrations"."version" ASC[0m
[dotenv] Set [36mJWT_ENCRYPTION_KEY[0m, [36mGOOGLE_CLIENT_ID[0m, [36mGOOGLE_CLIENT_SECRET[0m, [36mALLOWED_EMAIL_DOMAINS[0m, and [36mALLOWED_EMAILS[0m
[dotenv] Loaded [33m.env.local[0m
DEPRECATION WARNING: `Rails.application.secrets` is deprecated in favor of `Rails.application.credentials` and will be removed in Rails 7.2. (called from <main> at /app/config/environment.rb:7)
[dotenv] Set [36mJWT_ENCRYPTION_KEY[0m, [36mGOOGLE_CLIENT_ID[0m, [36mGOOGLE_CLIENT_SECRET[0m, [36mALLOWED_EMAIL_DOMAINS[0m, and [36mALLOWED_EMAILS[0m
[dotenv] Loaded [33m.env.local[0m
DEPRECATION WARNING: `Rails.application.secrets` is deprecated in favor of `Rails.application.credentials` and will be removed in Rails 7.2. (called from <main> at /app/config/environment.rb:7)
  [1m[35m (0.3ms)[0m  [1m[34mSELECT pg_try_advisory_lock(4959247321774455780)[0m
  [1m[36mActiveRecord::SchemaMigration Load (0.7ms)[0m  [1m[34mSELECT "schema_migrations"."version" FROM "schema_migrations" ORDER BY "schema_migrations"."version" ASC[0m
  [1m[36mActiveRecord::InternalMetadata Load (0.9ms)[0m  [1m[34mSELECT * FROM "ar_internal_metadata" WHERE "ar_internal_metadata"."key" = $1 ORDER BY "ar_internal_metadata"."key" ASC LIMIT 1[0m  [[nil, "environment"]]
  [1m[35m (0.4ms)[0m  [1m[34mSELECT pg_advisory_unlock(4959247321774455780)[0m
  [1m[36mActiveRecord::SchemaMigration Load (0.4ms)[0m  [1m[34mSELECT "schema_migrations"."version" FROM "schema_migrations" ORDER BY "schema_migrations"."version" ASC[0m
[dotenv] Set [36mJWT_ENCRYPTION_KEY[0m, [36mGOOGLE_CLIENT_ID[0m, [36mGOOGLE_CLIENT_SECRET[0m, [36mALLOWED_EMAIL_DOMAINS[0m, and [36mALLOWED_EMAILS[0m
[dotenv] Loaded [33m.env.local[0m
DEPRECATION WARNING: `Rails.application.secrets` is deprecated in favor of `Rails.application.credentials` and will be removed in Rails 7.2. (called from <main> at /app/config/environment.rb:7)
  [1m[35m (0.2ms)[0m  [1m[34mSELECT pg_try_advisory_lock(4959247321774455780)[0m
  [1m[36mActiveRecord::SchemaMigration Load (0.6ms)[0m  [1m[34mSELECT "schema_migrations"."version" FROM "schema_migrations" ORDER BY "schema_migrations"."version" ASC[0m
  [1m[36mActiveRecord::InternalMetadata Load (0.5ms)[0m  [1m[34mSELECT * FROM "ar_internal_metadata" WHERE "ar_internal_metadata"."key" = $1 ORDER BY "ar_internal_metadata"."key" ASC LIMIT 1[0m  [[nil, "environment"]]
  [1m[35m (0.3ms)[0m  [1m[34mSELECT pg_advisory_unlock(4959247321774455780)[0m
  [1m[36mActiveRecord::SchemaMigration Load (0.2ms)[0m  [1m[34mSELECT "schema_migrations"."version" FROM "schema_migrations" ORDER BY "schema_migrations"."version" ASC[0m
[dotenv] Set [36mJWT_ENCRYPTION_KEY[0m, [36mGOOGLE_CLIENT_ID[0m, [36mGOOGLE_CLIENT_SECRET[0m, [36mALLOWED_EMAIL_DOMAINS[0m, and [36mALLOWED_EMAILS[0m
[dotenv] Loaded [33m.env.local[0m
DEPRECATION WARNING: `Rails.application.secrets` is deprecated in favor of `Rails.application.credentials` and will be removed in Rails 7.2. (called from <main> at /app/config/environment.rb:7)
[dotenv] Set [36mJWT_ENCRYPTION_KEY[0m, [36mGOOGLE_CLIENT_ID[0m, [36mGOOGLE_CLIENT_SECRET[0m, [36mALLOWED_EMAIL_DOMAINS[0m, and [36mALLOWED_EMAILS[0m
[dotenv] Loaded [33m.env.local[0m
DEPRECATION WARNING: `Rails.application.secrets` is deprecated in favor of `Rails.application.credentials` and will be removed in Rails 7.2. (called from <main> at /app/config/environment.rb:7)
  [1m[35m (0.2ms)[0m  [1m[34mSELECT pg_try_advisory_lock(4959247321774455780)[0m
  [1m[36mActiveRecord::SchemaMigration Load (0.5ms)[0m  [1m[34mSELECT "schema_migrations"."version" FROM "schema_migrations" ORDER BY "schema_migrations"."version" ASC[0m
  [1m[36mActiveRecord::InternalMetadata Load (1.3ms)[0m  [1m[34mSELECT * FROM "ar_internal_metadata" WHERE "ar_internal_metadata"."key" = $1 ORDER BY "ar_internal_metadata"."key" ASC LIMIT 1[0m  [[nil, "environment"]]
  [1m[35m (0.3ms)[0m  [1m[34mSELECT pg_advisory_unlock(4959247321774455780)[0m
  [1m[36mActiveRecord::SchemaMigration Load (0.2ms)[0m  [1m[34mSELECT "schema_migrations"."version" FROM "schema_migrations" ORDER BY "schema_migrations"."version" ASC[0m
[dotenv] Set [36mJWT_ENCRYPTION_KEY[0m, [36mGOOGLE_CLIENT_ID[0m, [36mGOOGLE_CLIENT_SECRET[0m, [36mALLOWED_EMAIL_DOMAINS[0m, and [36mALLOWED_EMAILS[0m
[dotenv] Loaded [33m.env.local[0m
DEPRECATION WARNING: `Rails.application.secrets` is deprecated in favor of `Rails.application.credentials` and will be removed in Rails 7.2. (called from <main> at /app/config/environment.rb:7)
  [1m[35m (0.2ms)[0m  [1m[34mSELECT pg_try_advisory_lock(4959247321774455780)[0m
  [1m[36mActiveRecord::SchemaMigration Load (0.5ms)[0m  [1m[34mSELECT "schema_migrations"."version" FROM "schema_migrations" ORDER BY "schema_migrations"."version" ASC[0m
  [1m[36mActiveRecord::InternalMetadata Load (0.9ms)[0m  [1m[34mSELECT * FROM "ar_internal_metadata" WHERE "ar_internal_metadata"."key" = $1 ORDER BY "ar_internal_metadata"."key" ASC LIMIT 1[0m  [[nil, "environment"]]
  [1m[35m (0.2ms)[0m  [1m[34mSELECT pg_advisory_unlock(4959247321774455780)[0m
  [1m[36mActiveRecord::SchemaMigration Load (0.2ms)[0m  [1m[34mSELECT "schema_migrations"."version" FROM "schema_migrations" ORDER BY "schema_migrations"."version" ASC[0m
[dotenv] Set [36mJWT_ENCRYPTION_KEY[0m, [36mGOOGLE_CLIENT_ID[0m, [36mGOOGLE_CLIENT_SECRET[0m, [36mALLOWED_EMAIL_DOMAINS[0m, and [36mALLOWED_EMAILS[0m
[dotenv] Loaded [33m.env.local[0m
DEPRECATION WARNING: `Rails.application.secrets` is deprecated in favor of `Rails.application.credentials` and will be removed in Rails 7.2. (called from <main> at /app/config/environment.rb:7)
[dotenv] Set [36mJWT_ENCRYPTION_KEY[0m, [36mGOOGLE_CLIENT_ID[0m, [36mGOOGLE_CLIENT_SECRET[0m, [36mALLOWED_EMAIL_DOMAINS[0m, and [36mALLOWED_EMAILS[0m
[dotenv] Loaded [33m.env.local[0m
DEPRECATION WARNING: `Rails.application.secrets` is deprecated in favor of `Rails.application.credentials` and will be removed in Rails 7.2. (called from <main> at /app/config/environment.rb:7)
  [1m[35m (0.2ms)[0m  [1m[34mSELECT pg_try_advisory_lock(4959247321774455780)[0m
  [1m[36mActiveRecord::SchemaMigration Load (0.6ms)[0m  [1m[34mSELECT "schema_migrations"."version" FROM "schema_migrations" ORDER BY "schema_migrations"."version" ASC[0m
  [1m[36mActiveRecord::InternalMetadata Load (0.7ms)[0m  [1m[34mSELECT * FROM "ar_internal_metadata" WHERE "ar_internal_metadata"."key" = $1 ORDER BY "ar_internal_metadata"."key" ASC LIMIT 1[0m  [[nil, "environment"]]
  [1m[35m (0.3ms)[0m  [1m[34mSELECT pg_advisory_unlock(4959247321774455780)[0m
  [1m[36mActiveRecord::SchemaMigration Load (0.2ms)[0m  [1m[34mSELECT "schema_migrations"."version" FROM "schema_migrations" ORDER BY "schema_migrations"."version" ASC[0m
[dotenv] Set [36mJWT_ENCRYPTION_KEY[0m, [36mGOOGLE_CLIENT_ID[0m, [36mGOOGLE_CLIENT_SECRET[0m, [36mALLOWED_EMAIL_DOMAINS[0m, and [36mALLOWED_EMAILS[0m
[dotenv] Loaded [33m.env.local[0m
DEPRECATION WARNING: `Rails.application.secrets` is deprecated in favor of `Rails.application.credentials` and will be removed in Rails 7.2. (called from <main> at /app/config/environment.rb:7)
  [1m[35m (0.2ms)[0m  [1m[34mSELECT pg_try_advisory_lock(4959247321774455780)[0m
  [1m[36mActiveRecord::SchemaMigration Load (0.5ms)[0m  [1m[34mSELECT "schema_migrations"."version" FROM "schema_migrations" ORDER BY "schema_migrations"."version" ASC[0m
  [1m[36mActiveRecord::InternalMetadata Load (0.7ms)[0m  [1m[34mSELECT * FROM "ar_internal_metadata" WHERE "ar_internal_metadata"."key" = $1 ORDER BY "ar_internal_metadata"."key" ASC LIMIT 1[0m  [[nil, "environment"]]
  [1m[35m (0.2ms)[0m  [1m[34mSELECT pg_advisory_unlock(4959247321774455780)[0m
  [1m[36mActiveRecord::SchemaMigration Load (0.2ms)[0m  [1m[34mSELECT "schema_migrations"."version" FROM "schema_migrations" ORDER BY "schema_migrations"."version" ASC[0m
[dotenv] Set [36mJWT_ENCRYPTION_KEY[0m, [36mGOOGLE_CLIENT_ID[0m, [36mGOOGLE_CLIENT_SECRET[0m, [36mALLOWED_EMAIL_DOMAINS[0m, and [36mALLOWED_EMAILS[0m
[dotenv] Loaded [33m.env.local[0m
DEPRECATION WARNING: `Rails.application.secrets` is deprecated in favor of `Rails.application.credentials` and will be removed in Rails 7.2. (called from <main> at /app/config/environment.rb:7)
Started GET "/users/auth/google_oauth2" for 172.18.0.1 at 2024-07-28 21:34:46 +0000
  [1m[36mActiveRecord::SchemaMigration Load (0.6ms)[0m  [1m[34mSELECT "schema_migrations"."version" FROM "schema_migrations" ORDER BY "schema_migrations"."version" ASC[0m
Started GET "/users/auth/google_oauth2/callback?state=830de812515db9ce337d349988a155eb6205b40753fc94ae&code=4/0AcvDMrCK9KI9zW4gTQsrOOmA_csWTK5plbrJmhtR2ft1oLus_k8T33pfiSQQAj07y-HTMQ&scope=email%20profile%20openid%20https://www.googleapis.com/auth/userinfo.profile%20https://www.googleapis.com/auth/userinfo.email&authuser=0&prompt=consent" for 172.18.0.1 at 2024-07-28 21:34:52 +0000
Processing by Users::OmniauthCallbacksController#google_oauth2 as HTML
  Parameters: {"state"=>"830de812515db9ce337d349988a155eb6205b40753fc94ae", "code"=>"4/0AcvDMrCK9KI9zW4gTQsrOOmA_csWTK5plbrJmhtR2ft1oLus_k8T33pfiSQQAj07y-HTMQ", "scope"=>"email profile openid https://www.googleapis.com/auth/userinfo.profile https://www.googleapis.com/auth/userinfo.email", "authuser"=>"0", "prompt"=>"consent"}
  [1m[36mUser Load (1.0ms)[0m  [1m[34mSELECT "users".* FROM "users" WHERE "users"."uid" = $1 ORDER BY "users"."id" ASC LIMIT $2[0m  [["uid", "106455832823799659144"], ["LIMIT", 1]]
  ↳ app/models/user.rb:21:in `from_omniauth'
Completed 200 OK in 191ms (Views: 0.1ms | ActiveRecord: 19.6ms | Allocations: 138966)


Started GET "/api/core/categories" for 172.18.0.1 at 2024-07-28 21:34:53 +0000
Started GET "/api/core/categories" for 172.18.0.1 at 2024-07-28 21:34:53 +0000
Started GET "/api/core/categories" for 172.18.0.1 at 2024-07-28 21:34:53 +0000
Started GET "/api/core/categories" for 172.18.0.1 at 2024-07-28 21:34:53 +0000
  [1m[36mUser Load (0.6ms)[0m  [1m[34mSELECT "users".* FROM "users" WHERE "users"."id" = $1 LIMIT $2[0m  [["id", 1], ["LIMIT", 1]]
  ↳ app/commands/authorize_api_request.rb:17:in `user'
  [1m[36mCategory Load (0.7ms)[0m  [1m[34mSELECT "categories".* FROM "categories"[0m
  ↳ app/api/core/categories/get.rb:13:in `reject'
  [1m[36mUser Load (2.7ms)[0m  [1m[34mSELECT "users".* FROM "users" WHERE "users"."id" = $1 LIMIT $2[0m  [["id", 1], ["LIMIT", 1]]
  ↳ app/commands/authorize_api_request.rb:17:in `user'
  [1m[36mCategory Load (0.3ms)[0m  [1m[34mSELECT "categories".* FROM "categories"[0m
  ↳ app/api/core/categories/get.rb:13:in `reject'
  [1m[36mUser Load (2.4ms)[0m  [1m[34mSELECT "users".* FROM "users" WHERE "users"."id" = $1 LIMIT $2[0m  [["id", 1], ["LIMIT", 1]]
  ↳ app/commands/authorize_api_request.rb:17:in `user'
  [1m[36mCategory Load (0.4ms)[0m  [1m[34mSELECT "categories".* FROM "categories"[0m
  ↳ app/api/core/categories/get.rb:13:in `reject'
  [1m[36mUser Load (0.5ms)[0m  [1m[34mSELECT "users".* FROM "users" WHERE "users"."id" = $1 LIMIT $2[0m  [["id", 1], ["LIMIT", 1]]
  ↳ app/commands/authorize_api_request.rb:17:in `user'
  [1m[36mCategory Load (0.6ms)[0m  [1m[34mSELECT "categories".* FROM "categories"[0m
  ↳ app/api/core/categories/get.rb:13:in `reject'
Started GET "/api/core/resources?category_ids=&available_on_date=undefined" for 172.18.0.1 at 2024-07-28 21:34:53 +0000
  [1m[36mUser Load (0.3ms)[0m  [1m[34mSELECT "users".* FROM "users" WHERE "users"."id" = $1 LIMIT $2[0m  [["id", 1], ["LIMIT", 1]]
  ↳ app/commands/authorize_api_request.rb:17:in `user'
  [1m[36mResource Load (0.3ms)[0m  [1m[34mSELECT "resources".* FROM "resources" WHERE "resources"."deleted" = $1[0m  [["deleted", false]]
  ↳ app/api/core/resources/get.rb:23:in `reject'
Started GET "/api/core/resources?category_ids=&available_on_date=undefined" for 172.18.0.1 at 2024-07-28 21:34:53 +0000
  [1m[36mUser Load (0.3ms)[0m  [1m[34mSELECT "users".* FROM "users" WHERE "users"."id" = $1 LIMIT $2[0m  [["id", 1], ["LIMIT", 1]]
  ↳ app/commands/authorize_api_request.rb:17:in `user'
  [1m[36mResource Load (0.3ms)[0m  [1m[34mSELECT "resources".* FROM "resources" WHERE "resources"."deleted" = $1[0m  [["deleted", false]]
  ↳ app/api/core/resources/get.rb:23:in `reject'
Started GET "/api/core/categories" for 172.18.0.1 at 2024-07-28 21:34:57 +0000
Started GET "/api/core/categories" for 172.18.0.1 at 2024-07-28 21:34:57 +0000
  [1m[36mUser Load (0.4ms)[0m  [1m[34mSELECT "users".* FROM "users" WHERE "users"."id" = $1 LIMIT $2[0m  [["id", 1], ["LIMIT", 1]]
  ↳ app/commands/authorize_api_request.rb:17:in `user'
  [1m[36mCategory Load (0.3ms)[0m  [1m[34mSELECT "categories".* FROM "categories"[0m
  [1m[36mUser Load (0.3ms)[0m  [1m[34mSELECT "users".* FROM "users" WHERE "users"."id" = $1 LIMIT $2[0m  [["id", 1], ["LIMIT", 1]]
  ↳ app/api/core/categories/get.rb:13:in `reject'
  ↳ app/commands/authorize_api_request.rb:17:in `user'
  [1m[36mCategory Load (0.4ms)[0m  [1m[34mSELECT "categories".* FROM "categories"[0m
  ↳ app/api/core/categories/get.rb:13:in `reject'
Started GET "/api/core/resources?category_ids=&available_on_date=undefined" for 172.18.0.1 at 2024-07-28 21:34:57 +0000
  [1m[36mUser Load (0.4ms)[0m  [1m[34mSELECT "users".* FROM "users" WHERE "users"."id" = $1 LIMIT $2[0m  [["id", 1], ["LIMIT", 1]]
  ↳ app/commands/authorize_api_request.rb:17:in `user'
  [1m[36mResource Load (0.4ms)[0m  [1m[34mSELECT "resources".* FROM "resources" WHERE "resources"."deleted" = $1[0m  [["deleted", false]]
  ↳ app/api/core/resources/get.rb:23:in `reject'
Started GET "/api/core/categories" for 172.18.0.1 at 2024-07-28 21:35:21 +0000
  [1m[36mUser Load (0.4ms)[0m  [1m[34mSELECT "users".* FROM "users" WHERE "users"."id" = $1 LIMIT $2[0m  [["id", 1], ["LIMIT", 1]]
  ↳ app/commands/authorize_api_request.rb:17:in `user'
  [1m[36mCategory Load (0.4ms)[0m  [1m[34mSELECT "categories".* FROM "categories"[0m
  ↳ app/api/core/categories/get.rb:13:in `reject'
Started GET "/api/core/categories" for 172.18.0.1 at 2024-07-28 21:35:21 +0000
  [1m[36mUser Load (0.3ms)[0m  [1m[34mSELECT "users".* FROM "users" WHERE "users"."id" = $1 LIMIT $2[0m  [["id", 1], ["LIMIT", 1]]
  ↳ app/commands/authorize_api_request.rb:17:in `user'
  [1m[36mCategory Load (0.3ms)[0m  [1m[34mSELECT "categories".* FROM "categories"[0m
  ↳ app/api/core/categories/get.rb:13:in `reject'
Started GET "/api/core/resources?category_ids=&available_on_date=undefined" for 172.18.0.1 at 2024-07-28 21:35:21 +0000
  [1m[36mUser Load (0.4ms)[0m  [1m[34mSELECT "users".* FROM "users" WHERE "users"."id" = $1 LIMIT $2[0m  [["id", 1], ["LIMIT", 1]]
  ↳ app/commands/authorize_api_request.rb:17:in `user'
  [1m[36mResource Load (0.3ms)[0m  [1m[34mSELECT "resources".* FROM "resources" WHERE "resources"."deleted" = $1[0m  [["deleted", false]]
  ↳ app/api/core/resources/get.rb:23:in `reject'
Started GET "/api/core/categories" for 172.18.0.1 at 2024-07-28 21:35:26 +0000
  [1m[36mUser Load (0.2ms)[0m  [1m[34mSELECT "users".* FROM "users" WHERE "users"."id" = $1 LIMIT $2[0m  [["id", 1], ["LIMIT", 1]]
  ↳ app/commands/authorize_api_request.rb:17:in `user'
  [1m[36mCategory Load (0.3ms)[0m  [1m[34mSELECT "categories".* FROM "categories"[0m
  ↳ app/api/core/categories/get.rb:13:in `reject'
Started GET "/api/core/categories" for 172.18.0.1 at 2024-07-28 21:35:26 +0000
  [1m[36mUser Load (0.3ms)[0m  [1m[34mSELECT "users".* FROM "users" WHERE "users"."id" = $1 LIMIT $2[0m  [["id", 1], ["LIMIT", 1]]
  ↳ app/commands/authorize_api_request.rb:17:in `user'
  [1m[36mCategory Load (0.4ms)[0m  [1m[34mSELECT "categories".* FROM "categories"[0m
  ↳ app/api/core/categories/get.rb:13:in `reject'
Started GET "/api/core/resources?category_ids=&available_on_date=undefined" for 172.18.0.1 at 2024-07-28 21:35:27 +0000
  [1m[36mUser Load (0.2ms)[0m  [1m[34mSELECT "users".* FROM "users" WHERE "users"."id" = $1 LIMIT $2[0m  [["id", 1], ["LIMIT", 1]]
  ↳ app/commands/authorize_api_request.rb:17:in `user'
  [1m[36mResource Load (0.4ms)[0m  [1m[34mSELECT "resources".* FROM "resources" WHERE "resources"."deleted" = $1[0m  [["deleted", false]]
  ↳ app/api/core/resources/get.rb:23:in `reject'
Started GET "/api/core/categories" for 172.18.0.1 at 2024-07-28 21:35:44 +0000
Started GET "/api/core/categories" for 172.18.0.1 at 2024-07-28 21:35:44 +0000
  [1m[36mUser Load (0.3ms)[0m  [1m[34mSELECT "users".* FROM "users" WHERE "users"."id" = $1 LIMIT $2[0m  [["id", 1], ["LIMIT", 1]]
  ↳ app/commands/authorize_api_request.rb:17:in `user'
  [1m[36mCategory Load (2.2ms)[0m  [1m[34mSELECT "categories".* FROM "categories"[0m
  ↳ app/api/core/categories/get.rb:13:in `reject'
  [1m[36mUser Load (1.6ms)[0m  [1m[34mSELECT "users".* FROM "users" WHERE "users"."id" = $1 LIMIT $2[0m  [["id", 1], ["LIMIT", 1]]
  ↳ app/commands/authorize_api_request.rb:17:in `user'
  [1m[36mCategory Load (0.4ms)[0m  [1m[34mSELECT "categories".* FROM "categories"[0m
  ↳ app/api/core/categories/get.rb:13:in `reject'
Started GET "/api/core/resources?category_ids=&available_on_date=undefined" for 172.18.0.1 at 2024-07-28 21:35:44 +0000
  [1m[36mUser Load (0.3ms)[0m  [1m[34mSELECT "users".* FROM "users" WHERE "users"."id" = $1 LIMIT $2[0m  [["id", 1], ["LIMIT", 1]]
  ↳ app/commands/authorize_api_request.rb:17:in `user'
  [1m[36mResource Load (0.5ms)[0m  [1m[34mSELECT "resources".* FROM "resources" WHERE "resources"."deleted" = $1[0m  [["deleted", false]]
  ↳ app/api/core/resources/get.rb:23:in `reject'
Started GET "/api/core/categories" for 172.18.0.1 at 2024-07-28 21:36:18 +0000
Started GET "/api/core/categories" for 172.18.0.1 at 2024-07-28 21:36:18 +0000
  [1m[36mUser Load (1.2ms)[0m  [1m[34mSELECT "users".* FROM "users" WHERE "users"."id" = $1 LIMIT $2[0m  [["id", 1], ["LIMIT", 1]]
  ↳ app/commands/authorize_api_request.rb:17:in `user'
  [1m[36mCategory Load (0.9ms)[0m  [1m[34mSELECT "categories".* FROM "categories"[0m
  [1m[36mUser Load (1.0ms)[0m  [1m[34mSELECT "users".* FROM "users" WHERE "users"."id" = $1 LIMIT $2[0m  [["id", 1], ["LIMIT", 1]]
  ↳ app/api/core/categories/get.rb:13:in `reject'
  ↳ app/commands/authorize_api_request.rb:17:in `user'
  [1m[36mCategory Load (1.2ms)[0m  [1m[34mSELECT "categories".* FROM "categories"[0m
  ↳ app/api/core/categories/get.rb:13:in `reject'
Started GET "/api/core/resources?category_ids=&available_on_date=undefined" for 172.18.0.1 at 2024-07-28 21:36:18 +0000
  [1m[36mUser Load (0.3ms)[0m  [1m[34mSELECT "users".* FROM "users" WHERE "users"."id" = $1 LIMIT $2[0m  [["id", 1], ["LIMIT", 1]]
  ↳ app/commands/authorize_api_request.rb:17:in `user'
  [1m[36mResource Load (0.3ms)[0m  [1m[34mSELECT "resources".* FROM "resources" WHERE "resources"."deleted" = $1[0m  [["deleted", false]]
  ↳ app/api/core/resources/get.rb:23:in `reject'
Started GET "/api/core/categories" for 172.18.0.1 at 2024-07-28 21:36:23 +0000
Started GET "/api/core/categories" for 172.18.0.1 at 2024-07-28 21:36:23 +0000
  [1m[36mUser Load (0.4ms)[0m  [1m[34mSELECT "users".* FROM "users" WHERE "users"."id" = $1 LIMIT $2[0m  [["id", 1], ["LIMIT", 1]]
  ↳ app/commands/authorize_api_request.rb:17:in `user'
  [1m[36mCategory Load (2.1ms)[0m  [1m[34mSELECT "categories".* FROM "categories"[0m
  ↳ app/api/core/categories/get.rb:13:in `reject'
  [1m[36mUser Load (1.0ms)[0m  [1m[34mSELECT "users".* FROM "users" WHERE "users"."id" = $1 LIMIT $2[0m  [["id", 1], ["LIMIT", 1]]
  ↳ app/commands/authorize_api_request.rb:17:in `user'
  [1m[36mCategory Load (0.4ms)[0m  [1m[34mSELECT "categories".* FROM "categories"[0m
  ↳ app/api/core/categories/get.rb:13:in `reject'
Started GET "/api/core/resources?category_ids=&available_on_date=undefined" for 172.18.0.1 at 2024-07-28 21:36:23 +0000
  [1m[36mUser Load (0.2ms)[0m  [1m[34mSELECT "users".* FROM "users" WHERE "users"."id" = $1 LIMIT $2[0m  [["id", 1], ["LIMIT", 1]]
  ↳ app/commands/authorize_api_request.rb:17:in `user'
  [1m[36mResource Load (0.4ms)[0m  [1m[34mSELECT "resources".* FROM "resources" WHERE "resources"."deleted" = $1[0m  [["deleted", false]]
  ↳ app/api/core/resources/get.rb:23:in `reject'
[dotenv] Set [36mJWT_ENCRYPTION_KEY[0m, [36mGOOGLE_CLIENT_ID[0m, [36mGOOGLE_CLIENT_SECRET[0m, [36mALLOWED_EMAIL_DOMAINS[0m, and [36mALLOWED_EMAILS[0m
[dotenv] Loaded [33m.env.local[0m
DEPRECATION WARNING: `Rails.application.secrets` is deprecated in favor of `Rails.application.credentials` and will be removed in Rails 7.2. (called from <main> at /app/config/environment.rb:7)
  [1m[35m (0.2ms)[0m  [1m[34mSELECT pg_try_advisory_lock(4959247321774455780)[0m
  [1m[36mActiveRecord::SchemaMigration Load (0.6ms)[0m  [1m[34mSELECT "schema_migrations"."version" FROM "schema_migrations" ORDER BY "schema_migrations"."version" ASC[0m
  [1m[36mActiveRecord::InternalMetadata Load (0.8ms)[0m  [1m[34mSELECT * FROM "ar_internal_metadata" WHERE "ar_internal_metadata"."key" = $1 ORDER BY "ar_internal_metadata"."key" ASC LIMIT 1[0m  [[nil, "environment"]]
  [1m[35m (0.3ms)[0m  [1m[34mSELECT pg_advisory_unlock(4959247321774455780)[0m
  [1m[36mActiveRecord::SchemaMigration Load (0.2ms)[0m  [1m[34mSELECT "schema_migrations"."version" FROM "schema_migrations" ORDER BY "schema_migrations"."version" ASC[0m
[dotenv] Set [36mJWT_ENCRYPTION_KEY[0m, [36mGOOGLE_CLIENT_ID[0m, [36mGOOGLE_CLIENT_SECRET[0m, [36mALLOWED_EMAIL_DOMAINS[0m, and [36mALLOWED_EMAILS[0m
[dotenv] Loaded [33m.env.local[0m
DEPRECATION WARNING: `Rails.application.secrets` is deprecated in favor of `Rails.application.credentials` and will be removed in Rails 7.2. (called from <main> at /app/config/environment.rb:7)
  [1m[35m (0.2ms)[0m  [1m[34mSELECT pg_try_advisory_lock(4959247321774455780)[0m
  [1m[36mActiveRecord::SchemaMigration Load (0.7ms)[0m  [1m[34mSELECT "schema_migrations"."version" FROM "schema_migrations" ORDER BY "schema_migrations"."version" ASC[0m
  [1m[36mActiveRecord::InternalMetadata Load (0.7ms)[0m  [1m[34mSELECT * FROM "ar_internal_metadata" WHERE "ar_internal_metadata"."key" = $1 ORDER BY "ar_internal_metadata"."key" ASC LIMIT 1[0m  [[nil, "environment"]]
  [1m[35m (0.2ms)[0m  [1m[34mSELECT pg_advisory_unlock(4959247321774455780)[0m
  [1m[36mActiveRecord::SchemaMigration Load (0.2ms)[0m  [1m[34mSELECT "schema_migrations"."version" FROM "schema_migrations" ORDER BY "schema_migrations"."version" ASC[0m
[dotenv] Set [36mJWT_ENCRYPTION_KEY[0m, [36mGOOGLE_CLIENT_ID[0m, [36mGOOGLE_CLIENT_SECRET[0m, [36mALLOWED_EMAIL_DOMAINS[0m, and [36mALLOWED_EMAILS[0m
[dotenv] Loaded [33m.env.local[0m
DEPRECATION WARNING: `Rails.application.secrets` is deprecated in favor of `Rails.application.credentials` and will be removed in Rails 7.2. (called from <main> at /app/config/environment.rb:7)
Started GET "/api/core/categories" for 172.18.0.1 at 2024-07-28 21:38:40 +0000
Started GET "/api/core/categories" for 172.18.0.1 at 2024-07-28 21:38:40 +0000
  [1m[36mActiveRecord::SchemaMigration Load (0.7ms)[0m  [1m[34mSELECT "schema_migrations"."version" FROM "schema_migrations" ORDER BY "schema_migrations"."version" ASC[0m
  [1m[36mUser Load (0.5ms)[0m  [1m[34mSELECT "users".* FROM "users" WHERE "users"."id" = $1 LIMIT $2[0m  [["id", 1], ["LIMIT", 1]]
  ↳ app/commands/authorize_api_request.rb:17:in `user'
  [1m[36mUser Load (1.9ms)[0m  [1m[34mSELECT "users".* FROM "users" WHERE "users"."id" = $1 LIMIT $2[0m  [["id", 1], ["LIMIT", 1]]
  ↳ app/commands/authorize_api_request.rb:17:in `user'
  [1m[36mCategory Load (0.5ms)[0m  [1m[34mSELECT "categories".* FROM "categories"[0m
  ↳ app/api/core/categories/get.rb:13:in `reject'
  [1m[36mCategory Load (3.5ms)[0m  [1m[34mSELECT "categories".* FROM "categories"[0m
  ↳ app/api/core/categories/get.rb:13:in `reject'
Started GET "/api/core/resources?category_ids=&available_on_date=undefined" for 172.18.0.1 at 2024-07-28 21:38:40 +0000
  [1m[36mUser Load (0.3ms)[0m  [1m[34mSELECT "users".* FROM "users" WHERE "users"."id" = $1 LIMIT $2[0m  [["id", 1], ["LIMIT", 1]]
  ↳ app/commands/authorize_api_request.rb:17:in `user'
  [1m[36mResource Load (0.4ms)[0m  [1m[34mSELECT "resources".* FROM "resources" WHERE "resources"."deleted" = $1[0m  [["deleted", false]]
  ↳ app/api/core/resources/get.rb:23:in `reject'
Started GET "/api/core/categories" for 172.18.0.1 at 2024-07-28 21:38:53 +0000
Started GET "/api/core/categories" for 172.18.0.1 at 2024-07-28 21:38:53 +0000
  [1m[36mUser Load (2.1ms)[0m  [1m[34mSELECT "users".* FROM "users" WHERE "users"."id" = $1 LIMIT $2[0m  [["id", 1], ["LIMIT", 1]]
  ↳ app/commands/authorize_api_request.rb:17:in `user'
  [1m[36mUser Load (1.0ms)[0m  [1m[34mSELECT "users".* FROM "users" WHERE "users"."id" = $1 LIMIT $2[0m  [["id", 1], ["LIMIT", 1]]
  ↳ app/commands/authorize_api_request.rb:17:in `user'
  [1m[36mCategory Load (1.4ms)[0m  [1m[34mSELECT "categories".* FROM "categories"[0m
  ↳ app/api/core/categories/get.rb:13:in `reject'
  [1m[36mCategory Load (2.9ms)[0m  [1m[34mSELECT "categories".* FROM "categories"[0m
  ↳ app/api/core/categories/get.rb:13:in `reject'
Started GET "/api/core/resources?category_ids=&available_on_date=undefined" for 172.18.0.1 at 2024-07-28 21:38:53 +0000
  [1m[36mUser Load (0.3ms)[0m  [1m[34mSELECT "users".* FROM "users" WHERE "users"."id" = $1 LIMIT $2[0m  [["id", 1], ["LIMIT", 1]]
  ↳ app/commands/authorize_api_request.rb:17:in `user'
  [1m[36mResource Load (0.4ms)[0m  [1m[34mSELECT "resources".* FROM "resources" WHERE "resources"."deleted" = $1[0m  [["deleted", false]]
  ↳ app/api/core/resources/get.rb:23:in `reject'
Started GET "/api/core/categories" for 172.18.0.1 at 2024-07-28 21:38:57 +0000
Started GET "/api/core/categories" for 172.18.0.1 at 2024-07-28 21:38:57 +0000
  [1m[36mUser Load (2.0ms)[0m  [1m[34mSELECT "users".* FROM "users" WHERE "users"."id" = $1 LIMIT $2[0m  [["id", 1], ["LIMIT", 1]]
  ↳ app/commands/authorize_api_request.rb:17:in `user'
  [1m[36mUser Load (1.9ms)[0m  [1m[34mSELECT "users".* FROM "users" WHERE "users"."id" = $1 LIMIT $2[0m  [["id", 1], ["LIMIT", 1]]
  ↳ app/commands/authorize_api_request.rb:17:in `user'
  [1m[36mCategory Load (1.5ms)[0m  [1m[34mSELECT "categories".* FROM "categories"[0m
  ↳ app/api/core/categories/get.rb:13:in `reject'
  [1m[36mCategory Load (2.5ms)[0m  [1m[34mSELECT "categories".* FROM "categories"[0m
  ↳ app/api/core/categories/get.rb:13:in `reject'
Started GET "/api/core/resources?category_ids=&available_on_date=undefined" for 172.18.0.1 at 2024-07-28 21:38:57 +0000
  [1m[36mUser Load (0.2ms)[0m  [1m[34mSELECT "users".* FROM "users" WHERE "users"."id" = $1 LIMIT $2[0m  [["id", 1], ["LIMIT", 1]]
  ↳ app/commands/authorize_api_request.rb:17:in `user'
  [1m[36mResource Load (0.3ms)[0m  [1m[34mSELECT "resources".* FROM "resources" WHERE "resources"."deleted" = $1[0m  [["deleted", false]]
  ↳ app/api/core/resources/get.rb:23:in `reject'
[dotenv] Set [36mJWT_ENCRYPTION_KEY[0m, [36mGOOGLE_CLIENT_ID[0m, [36mGOOGLE_CLIENT_SECRET[0m, [36mALLOWED_EMAIL_DOMAINS[0m, and [36mALLOWED_EMAILS[0m
[dotenv] Loaded [33m.env.local[0m
DEPRECATION WARNING: `Rails.application.secrets` is deprecated in favor of `Rails.application.credentials` and will be removed in Rails 7.2. (called from <main> at /app/config/environment.rb:7)
  [1m[35m (0.2ms)[0m  [1m[34mSELECT pg_try_advisory_lock(4959247321774455780)[0m
  [1m[36mActiveRecord::SchemaMigration Load (0.6ms)[0m  [1m[34mSELECT "schema_migrations"."version" FROM "schema_migrations" ORDER BY "schema_migrations"."version" ASC[0m
  [1m[36mActiveRecord::InternalMetadata Load (1.2ms)[0m  [1m[34mSELECT * FROM "ar_internal_metadata" WHERE "ar_internal_metadata"."key" = $1 ORDER BY "ar_internal_metadata"."key" ASC LIMIT 1[0m  [[nil, "environment"]]
  [1m[35m (0.3ms)[0m  [1m[34mSELECT pg_advisory_unlock(4959247321774455780)[0m
  [1m[36mActiveRecord::SchemaMigration Load (0.2ms)[0m  [1m[34mSELECT "schema_migrations"."version" FROM "schema_migrations" ORDER BY "schema_migrations"."version" ASC[0m
[dotenv] Set [36mJWT_ENCRYPTION_KEY[0m, [36mGOOGLE_CLIENT_ID[0m, [36mGOOGLE_CLIENT_SECRET[0m, [36mALLOWED_EMAIL_DOMAINS[0m, and [36mALLOWED_EMAILS[0m
[dotenv] Loaded [33m.env.local[0m
DEPRECATION WARNING: `Rails.application.secrets` is deprecated in favor of `Rails.application.credentials` and will be removed in Rails 7.2. (called from <main> at /app/config/environment.rb:7)
  [1m[35m (0.2ms)[0m  [1m[34mSELECT pg_try_advisory_lock(4959247321774455780)[0m
  [1m[36mActiveRecord::SchemaMigration Load (0.6ms)[0m  [1m[34mSELECT "schema_migrations"."version" FROM "schema_migrations" ORDER BY "schema_migrations"."version" ASC[0m
  [1m[36mActiveRecord::InternalMetadata Load (0.6ms)[0m  [1m[34mSELECT * FROM "ar_internal_metadata" WHERE "ar_internal_metadata"."key" = $1 ORDER BY "ar_internal_metadata"."key" ASC LIMIT 1[0m  [[nil, "environment"]]
  [1m[35m (0.2ms)[0m  [1m[34mSELECT pg_advisory_unlock(4959247321774455780)[0m
  [1m[36mActiveRecord::SchemaMigration Load (0.2ms)[0m  [1m[34mSELECT "schema_migrations"."version" FROM "schema_migrations" ORDER BY "schema_migrations"."version" ASC[0m
[dotenv] Set [36mJWT_ENCRYPTION_KEY[0m, [36mGOOGLE_CLIENT_ID[0m, [36mGOOGLE_CLIENT_SECRET[0m, [36mALLOWED_EMAIL_DOMAINS[0m, and [36mALLOWED_EMAILS[0m
[dotenv] Loaded [33m.env.local[0m
DEPRECATION WARNING: `Rails.application.secrets` is deprecated in favor of `Rails.application.credentials` and will be removed in Rails 7.2. (called from <main> at /app/config/environment.rb:7)
Started GET "/api/core/categories" for 172.18.0.1 at 2024-07-28 21:40:16 +0000
Started GET "/api/core/categories" for 172.18.0.1 at 2024-07-28 21:40:16 +0000
  [1m[36mActiveRecord::SchemaMigration Load (1.3ms)[0m  [1m[34mSELECT "schema_migrations"."version" FROM "schema_migrations" ORDER BY "schema_migrations"."version" ASC[0m
  [1m[36mUser Load (0.6ms)[0m  [1m[34mSELECT "users".* FROM "users" WHERE "users"."id" = $1 LIMIT $2[0m  [["id", 1], ["LIMIT", 1]]
  [1m[36mUser Load (0.9ms)[0m  [1m[34mSELECT "users".* FROM "users" WHERE "users"."id" = $1 LIMIT $2[0m  [["id", 1], ["LIMIT", 1]]
  ↳ app/commands/authorize_api_request.rb:17:in `user'
  ↳ app/commands/authorize_api_request.rb:17:in `user'
  [1m[36mCategory Load (0.6ms)[0m  [1m[34mSELECT "categories".* FROM "categories"[0m
  ↳ app/api/core/categories/get.rb:13:in `reject'
  [1m[36mCategory Load (1.2ms)[0m  [1m[34mSELECT "categories".* FROM "categories"[0m
  ↳ app/api/core/categories/get.rb:13:in `reject'
Started GET "/api/core/resources?category_ids=&available_on_date=undefined" for 172.18.0.1 at 2024-07-28 21:40:17 +0000
  [1m[36mUser Load (0.3ms)[0m  [1m[34mSELECT "users".* FROM "users" WHERE "users"."id" = $1 LIMIT $2[0m  [["id", 1], ["LIMIT", 1]]
  ↳ app/commands/authorize_api_request.rb:17:in `user'
  [1m[36mResource Load (0.4ms)[0m  [1m[34mSELECT "resources".* FROM "resources" WHERE "resources"."deleted" = $1[0m  [["deleted", false]]
  ↳ app/api/core/resources/get.rb:23:in `reject'
[dotenv] Set [36mJWT_ENCRYPTION_KEY[0m, [36mGOOGLE_CLIENT_ID[0m, [36mGOOGLE_CLIENT_SECRET[0m, [36mALLOWED_EMAIL_DOMAINS[0m, and [36mALLOWED_EMAILS[0m
[dotenv] Loaded [33m.env.local[0m
DEPRECATION WARNING: `Rails.application.secrets` is deprecated in favor of `Rails.application.credentials` and will be removed in Rails 7.2. (called from <main> at /app/config/environment.rb:7)
  [1m[35m (0.2ms)[0m  [1m[34mSELECT pg_try_advisory_lock(4959247321774455780)[0m
  [1m[36mActiveRecord::SchemaMigration Load (0.6ms)[0m  [1m[34mSELECT "schema_migrations"."version" FROM "schema_migrations" ORDER BY "schema_migrations"."version" ASC[0m
  [1m[36mActiveRecord::InternalMetadata Load (0.8ms)[0m  [1m[34mSELECT * FROM "ar_internal_metadata" WHERE "ar_internal_metadata"."key" = $1 ORDER BY "ar_internal_metadata"."key" ASC LIMIT 1[0m  [[nil, "environment"]]
  [1m[35m (0.2ms)[0m  [1m[34mSELECT pg_advisory_unlock(4959247321774455780)[0m
  [1m[36mActiveRecord::SchemaMigration Load (0.2ms)[0m  [1m[34mSELECT "schema_migrations"."version" FROM "schema_migrations" ORDER BY "schema_migrations"."version" ASC[0m
[dotenv] Set [36mJWT_ENCRYPTION_KEY[0m, [36mGOOGLE_CLIENT_ID[0m, [36mGOOGLE_CLIENT_SECRET[0m, [36mALLOWED_EMAIL_DOMAINS[0m, and [36mALLOWED_EMAILS[0m
[dotenv] Loaded [33m.env.local[0m
DEPRECATION WARNING: `Rails.application.secrets` is deprecated in favor of `Rails.application.credentials` and will be removed in Rails 7.2. (called from <main> at /app/config/environment.rb:7)
  [1m[35m (0.3ms)[0m  [1m[34mSELECT pg_try_advisory_lock(4959247321774455780)[0m
  [1m[36mActiveRecord::SchemaMigration Load (0.6ms)[0m  [1m[34mSELECT "schema_migrations"."version" FROM "schema_migrations" ORDER BY "schema_migrations"."version" ASC[0m
  [1m[36mActiveRecord::InternalMetadata Load (0.6ms)[0m  [1m[34mSELECT * FROM "ar_internal_metadata" WHERE "ar_internal_metadata"."key" = $1 ORDER BY "ar_internal_metadata"."key" ASC LIMIT 1[0m  [[nil, "environment"]]
  [1m[35m (0.2ms)[0m  [1m[34mSELECT pg_advisory_unlock(4959247321774455780)[0m
  [1m[36mActiveRecord::SchemaMigration Load (0.3ms)[0m  [1m[34mSELECT "schema_migrations"."version" FROM "schema_migrations" ORDER BY "schema_migrations"."version" ASC[0m
[dotenv] Set [36mJWT_ENCRYPTION_KEY[0m, [36mGOOGLE_CLIENT_ID[0m, [36mGOOGLE_CLIENT_SECRET[0m, [36mALLOWED_EMAIL_DOMAINS[0m, and [36mALLOWED_EMAILS[0m
[dotenv] Loaded [33m.env.local[0m
DEPRECATION WARNING: `Rails.application.secrets` is deprecated in favor of `Rails.application.credentials` and will be removed in Rails 7.2. (called from <main> at /app/config/environment.rb:7)
Started GET "/api/core/categories" for 172.18.0.1 at 2024-07-28 21:40:45 +0000
Started GET "/api/core/categories" for 172.18.0.1 at 2024-07-28 21:40:45 +0000
  [1m[36mActiveRecord::SchemaMigration Load (0.7ms)[0m  [1m[34mSELECT "schema_migrations"."version" FROM "schema_migrations" ORDER BY "schema_migrations"."version" ASC[0m
  [1m[36mUser Load (0.6ms)[0m  [1m[34mSELECT "users".* FROM "users" WHERE "users"."id" = $1 LIMIT $2[0m  [["id", 1], ["LIMIT", 1]]
  ↳ app/commands/authorize_api_request.rb:17:in `user'
  [1m[36mUser Load (2.0ms)[0m  [1m[34mSELECT "users".* FROM "users" WHERE "users"."id" = $1 LIMIT $2[0m  [["id", 1], ["LIMIT", 1]]
  ↳ app/commands/authorize_api_request.rb:17:in `user'
  [1m[36mCategory Load (0.5ms)[0m  [1m[34mSELECT "categories".* FROM "categories"[0m
  ↳ app/api/core/categories/get.rb:13:in `reject'
  [1m[36mCategory Load (1.5ms)[0m  [1m[34mSELECT "categories".* FROM "categories"[0m
  ↳ app/api/core/categories/get.rb:13:in `reject'
Started GET "/api/core/resources?category_ids=&available_on_date=undefined" for 172.18.0.1 at 2024-07-28 21:40:45 +0000
  [1m[36mUser Load (0.3ms)[0m  [1m[34mSELECT "users".* FROM "users" WHERE "users"."id" = $1 LIMIT $2[0m  [["id", 1], ["LIMIT", 1]]
  ↳ app/commands/authorize_api_request.rb:17:in `user'
  [1m[36mResource Load (0.4ms)[0m  [1m[34mSELECT "resources".* FROM "resources" WHERE "resources"."deleted" = $1[0m  [["deleted", false]]
  ↳ app/api/core/resources/get.rb:23:in `reject'
Started GET "/api/core/categories" for 172.18.0.1 at 2024-07-28 21:40:50 +0000
Started GET "/api/core/categories" for 172.18.0.1 at 2024-07-28 21:40:50 +0000
  [1m[36mUser Load (0.4ms)[0m  [1m[34mSELECT "users".* FROM "users" WHERE "users"."id" = $1 LIMIT $2[0m  [["id", 1], ["LIMIT", 1]]
  [1m[36mUser Load (0.5ms)[0m  [1m[34mSELECT "users".* FROM "users" WHERE "users"."id" = $1 LIMIT $2[0m  [["id", 1], ["LIMIT", 1]]
  ↳ app/commands/authorize_api_request.rb:17:in `user'
  ↳ app/commands/authorize_api_request.rb:17:in `user'
  [1m[36mCategory Load (1.2ms)[0m  [1m[34mSELECT "categories".* FROM "categories"[0m
  ↳ app/api/core/categories/get.rb:13:in `reject'
  [1m[36mCategory Load (2.8ms)[0m  [1m[34mSELECT "categories".* FROM "categories"[0m
  ↳ app/api/core/categories/get.rb:13:in `reject'
Started GET "/api/core/resources?category_ids=&available_on_date=undefined" for 172.18.0.1 at 2024-07-28 21:40:50 +0000
  [1m[36mUser Load (0.3ms)[0m  [1m[34mSELECT "users".* FROM "users" WHERE "users"."id" = $1 LIMIT $2[0m  [["id", 1], ["LIMIT", 1]]
  ↳ app/commands/authorize_api_request.rb:17:in `user'
  [1m[36mResource Load (0.4ms)[0m  [1m[34mSELECT "resources".* FROM "resources" WHERE "resources"."deleted" = $1[0m  [["deleted", false]]
  ↳ app/api/core/resources/get.rb:23:in `reject'
Started GET "/api/core/bookings?only_mine=true" for 172.18.0.1 at 2024-07-28 21:40:53 +0000
  [1m[36mUser Load (0.5ms)[0m  [1m[34mSELECT "users".* FROM "users" WHERE "users"."id" = $1 LIMIT $2[0m  [["id", 1], ["LIMIT", 1]]
  ↳ app/commands/authorize_api_request.rb:17:in `user'
  [1m[36mResourceBooking Load (0.6ms)[0m  [1m[34mSELECT "resource_bookings".* FROM "resource_bookings"[0m
  ↳ app/api/core/bookings/get.rb:62:in `block in <class:Get>'
Started GET "/api/core/bookings?only_mine=true" for 172.18.0.1 at 2024-07-28 21:40:53 +0000
  [1m[36mUser Load (0.3ms)[0m  [1m[34mSELECT "users".* FROM "users" WHERE "users"."id" = $1 LIMIT $2[0m  [["id", 1], ["LIMIT", 1]]
  ↳ app/commands/authorize_api_request.rb:17:in `user'
  [1m[36mResourceBooking Load (0.4ms)[0m  [1m[34mSELECT "resource_bookings".* FROM "resource_bookings"[0m
  ↳ app/api/core/bookings/get.rb:62:in `block in <class:Get>'
DEPRECATION WARNING: `Rails.application.secrets` is deprecated in favor of `Rails.application.credentials` and will be removed in Rails 7.2. (called from <main> at /app/config/environment.rb:7)
  [1m[35m (14.8ms)[0m  [1m[35mCREATE TABLE "schema_migrations" ("version" character varying NOT NULL PRIMARY KEY)[0m
  [1m[35m (6.6ms)[0m  [1m[35mCREATE TABLE "ar_internal_metadata" ("key" character varying NOT NULL PRIMARY KEY, "value" character varying, "created_at" timestamp(6) NOT NULL, "updated_at" timestamp(6) NOT NULL)[0m
  [1m[35m (0.6ms)[0m  [1m[34mSELECT pg_try_advisory_lock(4959247321774455780)[0m
  [1m[36mActiveRecord::SchemaMigration Load (1.3ms)[0m  [1m[34mSELECT "schema_migrations"."version" FROM "schema_migrations" ORDER BY "schema_migrations"."version" ASC[0m
  [1m[36mActiveRecord::InternalMetadata Load (1.2ms)[0m  [1m[34mSELECT * FROM "ar_internal_metadata" WHERE "ar_internal_metadata"."key" = $1 ORDER BY "ar_internal_metadata"."key" ASC LIMIT 1[0m  [[nil, "environment"]]
  [1m[36mActiveRecord::InternalMetadata Create (1.3ms)[0m  [1m[32mINSERT INTO "ar_internal_metadata" ("key", "value", "created_at", "updated_at") VALUES ('environment', 'development', '2024-07-29 02:14:38.260563', '2024-07-29 02:14:38.260567') RETURNING "key"[0m
Migrating to CreateResources (20230604163835)
  [1m[36mTRANSACTION (0.3ms)[0m  [1m[35mBEGIN[0m
  [1m[35m (5.4ms)[0m  [1m[35mCREATE TABLE "resources" ("id" bigserial primary key, "name" character varying, "description" text, "location" character varying, "tags" text[] DEFAULT '{}', "category" character varying, "created_at" timestamp(6) NOT NULL, "updated_at" timestamp(6) NOT NULL)[0m
  [1m[36mActiveRecord::SchemaMigration Create (0.5ms)[0m  [1m[32mINSERT INTO "schema_migrations" ("version") VALUES ('20230604163835') RETURNING "version"[0m
  [1m[36mTRANSACTION (1.2ms)[0m  [1m[35mCOMMIT[0m
Migrating to CreateResourceBookings (20230614152252)
  [1m[36mTRANSACTION (0.3ms)[0m  [1m[35mBEGIN[0m
  [1m[35m (3.7ms)[0m  [1m[35mCREATE TABLE "resource_bookings" ("id" bigserial primary key, "bookedBy" character varying, "resourceName" character varying, "bookingDates" jsonb DEFAULT '{}' NOT NULL, "destination" character varying, "comments" character varying, "created_at" timestamp(6) NOT NULL, "updated_at" timestamp(6) NOT NULL)[0m
  [1m[36mActiveRecord::SchemaMigration Create (0.3ms)[0m  [1m[32mINSERT INTO "schema_migrations" ("version") VALUES ('20230614152252') RETURNING "version"[0m
  [1m[36mTRANSACTION (0.8ms)[0m  [1m[35mCOMMIT[0m
Migrating to DeviseCreateUsers (20230621150941)
  [1m[36mTRANSACTION (0.2ms)[0m  [1m[35mBEGIN[0m
  [1m[35m (3.6ms)[0m  [1m[35mCREATE TABLE "users" ("id" bigserial primary key, "full_name" character varying DEFAULT '' NOT NULL, "email" character varying DEFAULT '' NOT NULL, "role" character varying DEFAULT 'member' NOT NULL, "uid" character varying DEFAULT '' NOT NULL, "avatar_url" text DEFAULT '' NOT NULL, "created_at" timestamp(6) NOT NULL, "updated_at" timestamp(6) NOT NULL)[0m
  [1m[35m (1.2ms)[0m  [1m[35mCREATE UNIQUE INDEX "index_users_on_email" ON "users" ("email")[0m
  [1m[36mActiveRecord::SchemaMigration Create (0.3ms)[0m  [1m[32mINSERT INTO "schema_migrations" ("version") VALUES ('20230621150941') RETURNING "version"[0m
  [1m[36mTRANSACTION (1.0ms)[0m  [1m[35mCOMMIT[0m
Migrating to AddBookedByIdToBookings (20230904192330)
  [1m[36mTRANSACTION (0.5ms)[0m  [1m[35mBEGIN[0m
  [1m[35m (7.3ms)[0m  [1m[35mALTER TABLE "resource_bookings" ADD "bookedById" integer[0m
  [1m[36mActiveRecord::SchemaMigration Create (0.8ms)[0m  [1m[32mINSERT INTO "schema_migrations" ("version") VALUES ('20230904192330') RETURNING "version"[0m
  [1m[36mTRANSACTION (1.2ms)[0m  [1m[35mCOMMIT[0m
Migrating to CreateCategories (20230905195157)
  [1m[36mTRANSACTION (0.5ms)[0m  [1m[35mBEGIN[0m
  [1m[35m (12.6ms)[0m  [1m[35mCREATE TABLE "categories" ("id" bigserial primary key, "title" character varying, "description" text, "created_at" timestamp(6) NOT NULL, "updated_at" timestamp(6) NOT NULL)[0m
  [1m[36mActiveRecord::SchemaMigration Create (0.5ms)[0m  [1m[32mINSERT INTO "schema_migrations" ("version") VALUES ('20230905195157') RETURNING "version"[0m
  [1m[36mTRANSACTION (1.0ms)[0m  [1m[35mCOMMIT[0m
Migrating to AddDisabledPeriodsToResources (20230912130902)
  [1m[36mTRANSACTION (0.3ms)[0m  [1m[35mBEGIN[0m
  [1m[35m (0.9ms)[0m  [1m[35mALTER TABLE "resources" ADD "disabledPeriods" integer[] DEFAULT '{}'[0m
  [1m[36mActiveRecord::SchemaMigration Create (0.6ms)[0m  [1m[32mINSERT INTO "schema_migrations" ("version") VALUES ('20230912130902') RETURNING "version"[0m
  [1m[36mTRANSACTION (0.9ms)[0m  [1m[35mCOMMIT[0m
Migrating to AddResourceIdToBookings (20240120153446)
  [1m[36mTRANSACTION (0.4ms)[0m  [1m[35mBEGIN[0m
  [1m[35m (2.8ms)[0m  [1m[35mALTER TABLE "resource_bookings" ADD "resource_id" integer[0m
  [1m[36mResourceBooking Load (0.3ms)[0m  [1m[34mSELECT "resource_bookings".* FROM "resource_bookings" ORDER BY "resource_bookings"."id" ASC LIMIT $1[0m  [["LIMIT", 1000]]
  [1m[36mActiveRecord::SchemaMigration Create (0.3ms)[0m  [1m[32mINSERT INTO "schema_migrations" ("version") VALUES ('20240120153446') RETURNING "version"[0m
  [1m[36mTRANSACTION (0.7ms)[0m  [1m[35mCOMMIT[0m
Migrating to AddCategoryIdToResources (20240120155337)
  [1m[36mTRANSACTION (0.1ms)[0m  [1m[35mBEGIN[0m
  [1m[35m (1.2ms)[0m  [1m[35mALTER TABLE "resources" ADD "category_id" integer[0m
  [1m[36mResource Load (0.3ms)[0m  [1m[34mSELECT "resources".* FROM "resources" ORDER BY "resources"."id" ASC LIMIT $1[0m  [["LIMIT", 1000]]
  [1m[36mActiveRecord::SchemaMigration Create (0.3ms)[0m  [1m[32mINSERT INTO "schema_migrations" ("version") VALUES ('20240120155337') RETURNING "version"[0m
  [1m[36mTRANSACTION (0.7ms)[0m  [1m[35mCOMMIT[0m
Migrating to AddDeletedFlagToBookings (20240201185512)
  [1m[36mTRANSACTION (0.1ms)[0m  [1m[35mBEGIN[0m
  [1m[35m (0.5ms)[0m  [1m[35mALTER TABLE "resource_bookings" ADD "deleted" boolean DEFAULT FALSE[0m
  [1m[36mActiveRecord::SchemaMigration Create (0.3ms)[0m  [1m[32mINSERT INTO "schema_migrations" ("version") VALUES ('20240201185512') RETURNING "version"[0m
  [1m[36mTRANSACTION (0.6ms)[0m  [1m[35mCOMMIT[0m
Migrating to AddDeletedFlagToCategories (20240201185547)
  [1m[36mTRANSACTION (0.2ms)[0m  [1m[35mBEGIN[0m
  [1m[35m (0.5ms)[0m  [1m[35mALTER TABLE "categories" ADD "deleted" boolean DEFAULT FALSE[0m
  [1m[36mActiveRecord::SchemaMigration Create (0.3ms)[0m  [1m[32mINSERT INTO "schema_migrations" ("version") VALUES ('20240201185547') RETURNING "version"[0m
  [1m[36mTRANSACTION (0.7ms)[0m  [1m[35mCOMMIT[0m
Migrating to AddDeletedFlagToResources (20240201185555)
  [1m[36mTRANSACTION (0.5ms)[0m  [1m[35mBEGIN[0m
  [1m[35m (0.4ms)[0m  [1m[35mALTER TABLE "resources" ADD "deleted" boolean DEFAULT FALSE[0m
  [1m[36mActiveRecord::SchemaMigration Create (0.3ms)[0m  [1m[32mINSERT INTO "schema_migrations" ("version") VALUES ('20240201185555') RETURNING "version"[0m
  [1m[36mTRANSACTION (0.7ms)[0m  [1m[35mCOMMIT[0m
  [1m[35m (0.4ms)[0m  [1m[34mSELECT pg_advisory_unlock(4959247321774455780)[0m
  [1m[36mActiveRecord::SchemaMigration Load (0.3ms)[0m  [1m[34mSELECT "schema_migrations"."version" FROM "schema_migrations" ORDER BY "schema_migrations"."version" ASC[0m
DEPRECATION WARNING: `Rails.application.secrets` is deprecated in favor of `Rails.application.credentials` and will be removed in Rails 7.2. (called from <main> at /app/config/environment.rb:7)
  [1m[35m (0.1ms)[0m  [1m[34mSELECT pg_try_advisory_lock(4959247321774455780)[0m
  [1m[36mActiveRecord::SchemaMigration Load (0.6ms)[0m  [1m[34mSELECT "schema_migrations"."version" FROM "schema_migrations" ORDER BY "schema_migrations"."version" ASC[0m
  [1m[36mActiveRecord::InternalMetadata Load (0.6ms)[0m  [1m[34mSELECT * FROM "ar_internal_metadata" WHERE "ar_internal_metadata"."key" = $1 ORDER BY "ar_internal_metadata"."key" ASC LIMIT 1[0m  [[nil, "environment"]]
  [1m[35m (0.2ms)[0m  [1m[34mSELECT pg_advisory_unlock(4959247321774455780)[0m
  [1m[36mActiveRecord::SchemaMigration Load (0.2ms)[0m  [1m[34mSELECT "schema_migrations"."version" FROM "schema_migrations" ORDER BY "schema_migrations"."version" ASC[0m
DEPRECATION WARNING: `Rails.application.secrets` is deprecated in favor of `Rails.application.credentials` and will be removed in Rails 7.2. (called from <main> at /app/config/environment.rb:7)
